<html>
<head>
<title>TestNG:  Functional Tests</title>
<link href="../testng.css" rel="stylesheet" type="text/css" />
<link href="../my-testng.css" rel="stylesheet" type="text/css" />

<style type="text/css">
.log { display: none;} 
.stack-trace { display: none;} 
</style>
<script type="text/javascript">
<!--
function flip(e) {
  current = e.style.display;
  if (current == 'block') {
    e.style.display = 'none';
    return 0;
  }
  else {
    e.style.display = 'block';
    return 1;
  }
}

function toggleBox(szDivId, elem, msg1, msg2)
{
  var res = -1;  if (document.getElementById) {
    res = flip(document.getElementById(szDivId));
  }
  else if (document.all) {
    // this is the way old msie versions work
    res = flip(document.all[szDivId]);
  }
  if(elem) {
    if(res == 0) elem.innerHTML = msg1; else elem.innerHTML = msg2;
  }

}

function toggleAllBoxes() {
  if (document.getElementsByTagName) {
    d = document.getElementsByTagName('div');
    for (i = 0; i < d.length; i++) {
      if (d[i].className == 'log') {
        flip(d[i]);
      }
    }
  }
}

// -->
</script>

</head>
<body>
<h2 align='center'>Functional Tests</h2><table border='1' align="center">
<tr>
<td>Tests passed/Failed/Skipped:</td><td>0/1/0</td>
</tr><tr>
<td>Started on:</td><td>Thu Jul 31 13:29:19 FET 2014</td>
</tr>
<tr><td>Total time:</td><td>16 seconds (16385 ms)</td>
</tr><tr>
<td>Included groups:</td><td></td>
</tr><tr>
<td>Excluded groups:</td><td></td>
</tr>
</table><p/>
<small><i>(Hover the method name to see the test class name)</i></small><p/>
<table width='100%' border='1' class='invocation-failed'>
<tr><td colspan='4' align='center'><b>FAILED TESTS</b></td></tr>
<tr><td><b>Test method</b></td>
<td width="30%"><b>Exception</b></td>
<td width="10%"><b>Time (seconds)</b></td>
<td><b>Instance</b></td>
</tr>
<tr>
<td title='demo.test.DemoTest.xTest()'><b>xTest</b><br>Test class: demo.test.DemoTest<br/>
<a href="#Output-1262854901" onClick='toggleBox("Output-1262854901", this, "Show output", "Hide output");'>Show output</a>

<a href="#Output-1262854901" onClick="toggleAllBoxes();">Show all outputs</a>
<div class='log' id="Output-1262854901">
----------------------------------------------------------------------------<br><br/>
=====================  Test case: 'demo.test.DemoTest' =====================<br><br/>
----------------------------------------------------------------------------<br><br/>
--------==[ Preconditions ]==--------<br><br/>
--------==[ Step 1 ]==--------<br><br/>
--------==[ Step 2 ]==--------<br><br/>
Form 'My google form' appears in 1939msec<br><br/>
--------==[ Step 3 ]==--------<br><br/>
Text Field 'search bar' :: Typing 'A1QA'<br><br/>
Button 'search button' :: Clicking<br><br/>
--------==[ Step 4 ]==--------<br><br/>
--------==[ Step 5 ]==--------<br><br/>
<div class="skipped"></div><br><br/>
<div class="failedConfig">>>>>>>>> TEST FAILED <<<<<<<<</div><br><br/>
<div class="skipped"></div><br><br/>
</div>
</td>
<td><div><pre>java.lang.AssertionError
	at demo.test.forms.TutSearchForm.searchAssert(TutSearchForm.java:33)
	at demo.test.DemoTest.runTest(DemoTest.java:21)
	at webdriver.BaseTest.xTest(BaseTest.java:26)
... Removed 24 stack frames</pre></div><a href='#' onClick='toggleBox("stack-trace1262854901", this, "Click to show all stack frames", "Click to hide stack frames")'>Click to show all stack frames</a>
<div class='stack-trace' id='stack-trace1262854901'><pre>java.lang.AssertionError
	at demo.test.forms.TutSearchForm.searchAssert(TutSearchForm.java:33)
	at demo.test.DemoTest.runTest(DemoTest.java:21)
	at webdriver.BaseTest.xTest(BaseTest.java:26)
	at sun.reflect.NativeMethodAccessorImpl.invoke0(Native Method)
	at sun.reflect.NativeMethodAccessorImpl.invoke(Unknown Source)
	at sun.reflect.DelegatingMethodAccessorImpl.invoke(Unknown Source)
	at java.lang.reflect.Method.invoke(Unknown Source)
	at org.testng.internal.MethodInvocationHelper.invokeMethod(MethodInvocationHelper.java:84)
	at org.testng.internal.Invoker.invokeMethod(Invoker.java:714)
	at org.testng.internal.Invoker.invokeTestMethod(Invoker.java:901)
	at org.testng.internal.Invoker.invokeTestMethods(Invoker.java:1231)
	at org.testng.internal.TestMethodWorker.invokeTestMethods(TestMethodWorker.java:127)
	at org.testng.internal.TestMethodWorker.run(TestMethodWorker.java:111)
	at org.testng.TestRunner.privateRun(TestRunner.java:767)
	at org.testng.TestRunner.run(TestRunner.java:617)
	at org.testng.SuiteRunner.runTest(SuiteRunner.java:334)
	at org.testng.SuiteRunner.runSequentially(SuiteRunner.java:329)
	at org.testng.SuiteRunner.privateRun(SuiteRunner.java:291)
	at org.testng.SuiteRunner.run(SuiteRunner.java:240)
	at org.testng.SuiteRunnerWorker.runSuite(SuiteRunnerWorker.java:52)
	at org.testng.SuiteRunnerWorker.run(SuiteRunnerWorker.java:86)
	at org.testng.TestNG.runSuitesSequentially(TestNG.java:1224)
	at org.testng.TestNG.runSuitesLocally(TestNG.java:1149)
	at org.testng.TestNG.run(TestNG.java:1057)
	at org.testng.remote.RemoteTestNG.run(RemoteTestNG.java:111)
	at org.testng.remote.RemoteTestNG.initAndRun(RemoteTestNG.java:204)
	at org.testng.remote.RemoteTestNG.main(RemoteTestNG.java:175)
</pre></div></td>
<td>5</td>
<td>demo.test.DemoTest@3f6b0be5</td></tr>
</table><p>
</body>
</html>