<?xml version="1.0" encoding="UTF-8"?>
<!-- Generated by org.testng.reporters.JUnitXMLReporter -->
<testsuite hostname="Veronika" name="Functional Tests" tests="1" failures="1" timestamp="31 Jul 2014 10:29:35 GMT" time="16.385" errors="0">
  <testcase name="xTest" time="5.476" classname="demo.test.DemoTest">
    <failure type="java.lang.AssertionError">
      <![CDATA[java.lang.AssertionError
	at demo.test.forms.TutSearchForm.searchAssert(TutSearchForm.java:33)
	at demo.test.DemoTest.runTest(DemoTest.java:21)
	at webdriver.BaseTest.xTest(BaseTest.java:26)
... Removed 24 stack frames]]>
    </failure>
  </testcase> <!-- xTest -->
</testsuite> <!-- Functional Tests -->
