<?xml version="1.0" encoding="UTF-8"?>
<testng-results skipped="0" failed="16" total="20" passed="4">
  <reporter-output>
    <line>
      <![CDATA[browser driver was constructed<br>]]>
    </line>
    <line>
      <![CDATA[Browser 'firefox' ready...<br>]]>
    </line>
    <line>
      <![CDATA[---------------------------------------------------------------------------------<br>]]>
    </line>
    <line>
      <![CDATA[=====================  Test case: 'test.JobFindAndSortTest' =====================<br>]]>
    </line>
    <line>
      <![CDATA[---------------------------------------------------------------------------------<br>]]>
    </line>
    <line>
      <![CDATA[--------==[ Preconditions ]==--------<br>]]>
    </line>
    <line>
      <![CDATA[--------==[ Step 1 ]==--------<br>]]>
    </line>
    <line>
      <![CDATA[--------==[ Step 2 ]==--------<br>]]>
    </line>
    <line>
      <![CDATA[Form 'Main form' appears in 17402msec<br>]]>
    </line>
    <line>
      <![CDATA[Button 'Go to jobs' :: Clicking<br>]]>
    </line>
    <line>
      <![CDATA[--------==[ Step 3 ]==--------<br>]]>
    </line>
    <line>
      <![CDATA[Form 'Job form' appears in 192msec<br>]]>
    </line>
    <line>
      <![CDATA[Jobs Page is downloaded<br>]]>
    </line>
    <line>
      <![CDATA[--------==[ Step 4 ]==--------<br>]]>
    </line>
    <line>
      <![CDATA[Text Field 'find job  text box' :: Typing 'Junior developer'<br>]]>
    </line>
    <line>
      <![CDATA[Button 'Programing check box' :: Setting value 'true'<br>]]>
    </line>
    <line>
      <![CDATA[Text Field 'salary text box' :: Typing '1000000'<br>]]>
    </line>
    <line>
      <![CDATA[Button 'Find job button' :: Clicking<br>]]>
    </line>
    <line>
      <![CDATA[Search success<br>]]>
    </line>
    <line>
      <![CDATA[<br>]]>
    </line>
    <line>
      <![CDATA[********************************************************<br>]]>
    </line>
    <line>
      <![CDATA[***** Test case: 'test.JobFindAndSortTest' Passed! *****<br>]]>
    </line>
    <line>
      <![CDATA[********************************************************<br>]]>
    </line>
    <line>
      <![CDATA[<br>]]>
    </line>
    <line>
      <![CDATA[driver.quit...<br>]]>
    </line>
    <line>
      <![CDATA[killing processes<br>]]>
    </line>
    <line>
      <![CDATA[browser driver was constructed<br>]]>
    </line>
    <line>
      <![CDATA[Browser 'firefox' ready...<br>]]>
    </line>
    <line>
      <![CDATA[---------------------------------------------------------------------------------<br>]]>
    </line>
    <line>
      <![CDATA[=====================  Test case: 'test.MusicFindGroupTest' =====================<br>]]>
    </line>
    <line>
      <![CDATA[---------------------------------------------------------------------------------<br>]]>
    </line>
    <line>
      <![CDATA[--------==[ Preconditions ]==--------<br>]]>
    </line>
    <line>
      <![CDATA[--------==[ Step 1 ]==--------<br>]]>
    </line>
    <line>
      <![CDATA[--------==[ Step 2 ]==--------<br>]]>
    </line>
    <line>
      <![CDATA[Form 'Main form' appears in 14616msec<br>]]>
    </line>
    <line>
      <![CDATA[Button 'muusic page link' :: Clicking<br>]]>
    </line>
    <line>
      <![CDATA[--------==[ Step 3 ]==--------<br>]]>
    </line>
    <line>
      <![CDATA[Form 'Music form' appears in 72msec<br>]]>
    </line>
    <line>
      <![CDATA[Page downloaded<br>]]>
    </line>
    <line>
      <![CDATA[--------==[ Step 4 ]==--------<br>]]>
    </line>
    <line>
      <![CDATA[Button 'Music search link' :: Clicking<br>]]>
    </line>
    <line>
      <![CDATA[<div class="skipped"></div><br>]]>
    </line>
    <line>
      <![CDATA[<div class="failedConfig">>>>>>>>> TEST FAILED <<<<<<<<</div><br>]]>
    </line>
    <line>
      <![CDATA[<div class="skipped"></div><br>]]>
    </line>
    <line>
      <![CDATA[killing processes<br>]]>
    </line>
    <line>
      <![CDATA[browser driver was constructed<br>]]>
    </line>
    <line>
      <![CDATA[Browser 'firefox' ready...<br>]]>
    </line>
    <line>
      <![CDATA[---------------------------------------------------------------------------------<br>]]>
    </line>
    <line>
      <![CDATA[=====================  Test case: 'test.LanguageChangeTest' =====================<br>]]>
    </line>
    <line>
      <![CDATA[---------------------------------------------------------------------------------<br>]]>
    </line>
    <line>
      <![CDATA[--------==[ Preconditions ]==--------<br>]]>
    </line>
    <line>
      <![CDATA[--------==[ Step 1 ]==--------<br>]]>
    </line>
    <line>
      <![CDATA[--------==[ Step 2 ]==--------<br>]]>
    </line>
    <line>
      <![CDATA[Form 'Main form' appears in 14501msec<br>]]>
    </line>
    <line>
      <![CDATA[Button 'language link' :: Clicking<br>]]>
    </line>
    <line>
      <![CDATA[Language is changed<br>]]>
    </line>
    <line>
      <![CDATA[--------==[ Step 3 ]==--------<br>]]>
    </line>
    <line>
      <![CDATA[Text Field 'search field' :: Typing 'інфармацыйныя тэхналогіі'<br>]]>
    </line>
    <line>
      <![CDATA[Button 'find button' :: Clicking<br>]]>
    </line>
    <line>
      <![CDATA[Search success<br>]]>
    </line>
    <line>
      <![CDATA[<br>]]>
    </line>
    <line>
      <![CDATA[********************************************************<br>]]>
    </line>
    <line>
      <![CDATA[***** Test case: 'test.LanguageChangeTest' Passed! *****<br>]]>
    </line>
    <line>
      <![CDATA[********************************************************<br>]]>
    </line>
    <line>
      <![CDATA[<br>]]>
    </line>
    <line>
      <![CDATA[driver.quit...<br>]]>
    </line>
    <line>
      <![CDATA[killing processes<br>]]>
    </line>
    <line>
      <![CDATA[browser driver was constructed<br>]]>
    </line>
    <line>
      <![CDATA[Browser 'firefox' ready...<br>]]>
    </line>
    <line>
      <![CDATA[----------------------------------------------------------------------------------<br>]]>
    </line>
    <line>
      <![CDATA[=====================  Test case: 'test.AfishaFindEventTest' =====================<br>]]>
    </line>
    <line>
      <![CDATA[----------------------------------------------------------------------------------<br>]]>
    </line>
    <line>
      <![CDATA[--------==[ Preconditions ]==--------<br>]]>
    </line>
    <line>
      <![CDATA[--------==[ Step 1 ]==--------<br>]]>
    </line>
    <line>
      <![CDATA[--------==[ Step 2 ]==--------<br>]]>
    </line>
    <line>
      <![CDATA[Form 'Main form' appears in 13510msec<br>]]>
    </line>
    <line>
      <![CDATA[Button 'afisha link' :: Clicking<br>]]>
    </line>
    <line>
      <![CDATA[--------==[ Step 3 ]==--------<br>]]>
    </line>
    <line>
      <![CDATA[Form 'Afisha form' appears in 794msec<br>]]>
    </line>
    <line>
      <![CDATA[Afisha page is downloaded<br>]]>
    </line>
    <line>
      <![CDATA[--------==[ Step 4 ]==--------<br>]]>
    </line>
    <line>
      <![CDATA[Text Field 'search box afisha' :: Typing 'Three days grace'<br>]]>
    </line>
    <line>
      <![CDATA[Button 'afisha search button' :: Clicking<br>]]>
    </line>
    <line>
      <![CDATA[Search success<br>]]>
    </line>
    <line>
      <![CDATA[<br>]]>
    </line>
    <line>
      <![CDATA[*********************************************************<br>]]>
    </line>
    <line>
      <![CDATA[***** Test case: 'test.AfishaFindEventTest' Passed! *****<br>]]>
    </line>
    <line>
      <![CDATA[*********************************************************<br>]]>
    </line>
    <line>
      <![CDATA[<br>]]>
    </line>
    <line>
      <![CDATA[driver.quit...<br>]]>
    </line>
    <line>
      <![CDATA[killing processes<br>]]>
    </line>
    <line>
      <![CDATA[browser driver was constructed<br>]]>
    </line>
    <line>
      <![CDATA[Browser 'firefox' ready...<br>]]>
    </line>
    <line>
      <![CDATA[------------------------------------------------------------------------<br>]]>
    </line>
    <line>
      <![CDATA[=====================  Test case: 'test.LoginTest' =====================<br>]]>
    </line>
    <line>
      <![CDATA[------------------------------------------------------------------------<br>]]>
    </line>
    <line>
      <![CDATA[--------==[ Preconditions ]==--------<br>]]>
    </line>
    <line>
      <![CDATA[--------==[ Step 1 ]==--------<br>]]>
    </line>
    <line>
      <![CDATA[--------==[ Step 2 ]==--------<br>]]>
    </line>
    <line>
      <![CDATA[Form 'Main form' appears in 13887msec<br>]]>
    </line>
    <line>
      <![CDATA[Button 'enter button' :: Clicking<br>]]>
    </line>
    <line>
      <![CDATA[Text Field 'user name' :: Typing 'null'<br>]]>
    </line>
    <line>
      <![CDATA[Text Field 'password' :: Typing 'null'<br>]]>
    </line>
    <line>
      <![CDATA[<div class="skipped"></div><br>]]>
    </line>
    <line>
      <![CDATA[<div class="failedConfig">>>>>>>>> TEST FAILED <<<<<<<<</div><br>]]>
    </line>
    <line>
      <![CDATA[<div class="skipped"></div><br>]]>
    </line>
    <line>
      <![CDATA[driver.quit...<br>]]>
    </line>
    <line>
      <![CDATA[killing processes<br>]]>
    </line>
    <line>
      <![CDATA[browser driver was constructed<br>]]>
    </line>
    <line>
      <![CDATA[Browser 'firefox' ready...<br>]]>
    </line>
    <line>
      <![CDATA[--------------------------------------------------------------------------------<br>]]>
    </line>
    <line>
      <![CDATA[=====================  Test case: 'test.FindRoadRulesTest' =====================<br>]]>
    </line>
    <line>
      <![CDATA[--------------------------------------------------------------------------------<br>]]>
    </line>
    <line>
      <![CDATA[--------==[ Preconditions ]==--------<br>]]>
    </line>
    <line>
      <![CDATA[--------==[ Step 1 ]==--------<br>]]>
    </line>
    <line>
      <![CDATA[--------==[ Step 2 ]==--------<br>]]>
    </line>
    <line>
      <![CDATA[Form 'Main form' appears in 23219msec<br>]]>
    </line>
    <line>
      <![CDATA[Button 'all resources link' :: Clicking<br>]]>
    </line>
    <line>
      <![CDATA[Field 'All Resources' appeared<br>]]>
    </line>
    <line>
      <![CDATA[--------==[ Step 3 ]==--------<br>]]>
    </line>
    <line>
      <![CDATA[Button 'blog link' :: Clicking<br>]]>
    </line>
    <line>
      <![CDATA[--------==[ Step 4 ]==--------<br>]]>
    </line>
    <line>
      <![CDATA[<div class="failedConfig">Form 'Auto form' doesn't appear</div><br>]]>
    </line>
    <line>
      <![CDATA[<div class="skipped"></div><br>]]>
    </line>
    <line>
      <![CDATA[<div class="failedConfig">>>>>>>>> TEST FAILED <<<<<<<<</div><br>]]>
    </line>
    <line>
      <![CDATA[<div class="skipped"></div><br>]]>
    </line>
    <line>
      <![CDATA[killing processes<br>]]>
    </line>
    <line>
      <![CDATA[browser driver was constructed<br>]]>
    </line>
    <line>
      <![CDATA[Browser 'firefox' ready...<br>]]>
    </line>
    <line>
      <![CDATA[------------------------------------------------------------------------------------<br>]]>
    </line>
    <line>
      <![CDATA[=====================  Test case: 'test.WeatherChangeCityTest' =====================<br>]]>
    </line>
    <line>
      <![CDATA[------------------------------------------------------------------------------------<br>]]>
    </line>
    <line>
      <![CDATA[--------==[ Preconditions ]==--------<br>]]>
    </line>
    <line>
      <![CDATA[--------==[ Step 1 ]==--------<br>]]>
    </line>
    <line>
      <![CDATA[--------==[ Step 2 ]==--------<br>]]>
    </line>
    <line>
      <![CDATA[Form 'Main form' appears in 23821msec<br>]]>
    </line>
    <line>
      <![CDATA[Button 'Weather page link' :: Clicking<br>]]>
    </line>
    <line>
      <![CDATA[--------==[ Step 3 ]==--------<br>]]>
    </line>
    <line>
      <![CDATA[Form 'Weather form' appears in 80msec<br>]]>
    </line>
    <line>
      <![CDATA[Weather page is downloaded<br>]]>
    </line>
    <line>
      <![CDATA[--------==[ Step 4 ]==--------<br>]]>
    </line>
    <line>
      <![CDATA[Button 'click button to change' :: Clicking<br>]]>
    </line>
    <line>
      <![CDATA[Button 'choose the city' :: Clicking<br>]]>
    </line>
    <line>
      <![CDATA[City changed successfuly<br>]]>
    </line>
    <line>
      <![CDATA[<br>]]>
    </line>
    <line>
      <![CDATA[***********************************************************<br>]]>
    </line>
    <line>
      <![CDATA[***** Test case: 'test.WeatherChangeCityTest' Passed! *****<br>]]>
    </line>
    <line>
      <![CDATA[***********************************************************<br>]]>
    </line>
    <line>
      <![CDATA[<br>]]>
    </line>
    <line>
      <![CDATA[driver.quit...<br>]]>
    </line>
    <line>
      <![CDATA[killing processes<br>]]>
    </line>
    <line>
      <![CDATA[browser driver was constructed<br>]]>
    </line>
    <line>
      <![CDATA[Browser 'firefox' ready...<br>]]>
    </line>
    <line>
      <![CDATA[------------------------------------------------------------------------------------<br>]]>
    </line>
    <line>
      <![CDATA[=====================  Test case: 'test.JobAdvancedSearchTest' =====================<br>]]>
    </line>
    <line>
      <![CDATA[------------------------------------------------------------------------------------<br>]]>
    </line>
    <line>
      <![CDATA[--------==[ Preconditions ]==--------<br>]]>
    </line>
    <line>
      <![CDATA[--------==[ Step 1 ]==--------<br>]]>
    </line>
    <line>
      <![CDATA[<div class="skipped"></div><br>]]>
    </line>
    <line>
      <![CDATA[<div class="failedConfig">>>>>>>>> TEST FAILED <<<<<<<<</div><br>]]>
    </line>
    <line>
      <![CDATA[<div class="skipped"></div><br>]]>
    </line>
    <line>
      <![CDATA[killing processes<br>]]>
    </line>
    <line>
      <![CDATA[browser driver was constructed<br>]]>
    </line>
    <line>
      <![CDATA[Browser 'firefox' ready...<br>]]>
    </line>
    <line>
      <![CDATA[------------------------------------------------------------------------------------<br>]]>
    </line>
    <line>
      <![CDATA[=====================  Test case: 'test.CatalogAddCommentTest' =====================<br>]]>
    </line>
    <line>
      <![CDATA[------------------------------------------------------------------------------------<br>]]>
    </line>
    <line>
      <![CDATA[--------==[ Preconditions ]==--------<br>]]>
    </line>
    <line>
      <![CDATA[--------==[ Step 1 ]==--------<br>]]>
    </line>
    <line>
      <![CDATA[--------==[ Step 2 ]==--------<br>]]>
    </line>
    <line>
      <![CDATA[<div class="failedConfig">Form 'Main form' doesn't appear</div><br>]]>
    </line>
    <line>
      <![CDATA[<div class="skipped"></div><br>]]>
    </line>
    <line>
      <![CDATA[<div class="failedConfig">>>>>>>>> TEST FAILED <<<<<<<<</div><br>]]>
    </line>
    <line>
      <![CDATA[<div class="skipped"></div><br>]]>
    </line>
    <line>
      <![CDATA[killing processes<br>]]>
    </line>
    <line>
      <![CDATA[browser driver was constructed<br>]]>
    </line>
    <line>
      <![CDATA[Browser 'firefox' ready...<br>]]>
    </line>
    <line>
      <![CDATA[----------------------------------------------------------------------------------<br>]]>
    </line>
    <line>
      <![CDATA[=====================  Test case: 'test.BlogFindAndGoToTest' =====================<br>]]>
    </line>
    <line>
      <![CDATA[----------------------------------------------------------------------------------<br>]]>
    </line>
    <line>
      <![CDATA[--------==[ Preconditions ]==--------<br>]]>
    </line>
    <line>
      <![CDATA[--------==[ Step 1 ]==--------<br>]]>
    </line>
    <line>
      <![CDATA[--------==[ Step 2 ]==--------<br>]]>
    </line>
    <line>
      <![CDATA[<div class="failedConfig">Form 'Main form' doesn't appear</div><br>]]>
    </line>
    <line>
      <![CDATA[<div class="skipped"></div><br>]]>
    </line>
    <line>
      <![CDATA[<div class="failedConfig">>>>>>>>> TEST FAILED <<<<<<<<</div><br>]]>
    </line>
    <line>
      <![CDATA[<div class="skipped"></div><br>]]>
    </line>
    <line>
      <![CDATA[killing processes<br>]]>
    </line>
  </reporter-output>
  <suite name="Default suite" duration-ms="368399" started-at="2014-08-08T22:22:38Z" finished-at="2014-08-08T22:28:46Z">
    <groups>
    </groups>
    <test name="Default test" duration-ms="368399" started-at="2014-08-08T22:22:38Z" finished-at="2014-08-08T22:28:46Z">
      <class name="test.WeatherChangeCityTest">
        <test-method status="PASS" signature="before(org.testng.ITestContext)[pri:0, instance:test.WeatherChangeCityTest@342c38f8]" name="before" is-config="true" duration-ms="3910" started-at="2014-08-09T01:27:17Z" finished-at="2014-08-09T01:27:20Z">
          <params>
            <param index="0">
              <value>
                <![CDATA[org.testng.TestRunner@64bce832]]>
              </value>
            </param>
          </params>
          <reporter-output>
            <line>
              <![CDATA[browser driver was constructed<br>]]>
            </line>
            <line>
              <![CDATA[Browser 'firefox' ready...<br>]]>
            </line>
          </reporter-output>
        </test-method> <!-- before -->
        <test-method status="FAIL" signature="readParams(java.lang.String, java.lang.String)[pri:0, instance:test.WeatherChangeCityTest@342c38f8]" name="readParams" duration-ms="0" started-at="2014-08-09T01:27:20Z" finished-at="2014-08-09T01:27:20Z">
          <exception class="org.testng.TestNGException">
            <message>
              <![CDATA[
Parameter 'username' is required by @Test on method readParams but has not been marked @Optional or defined
in C:\Users\lENOVO\AppData\Local\Temp\testng-eclipse-111153164\testng-customsuite.xml]]>
            </message>
            <full-stacktrace>
              <![CDATA[org.testng.TestNGException: 
Parameter 'username' is required by @Test on method readParams but has not been marked @Optional or defined
in C:\Users\lENOVO\AppData\Local\Temp\testng-eclipse-111153164\testng-customsuite.xml
	at org.testng.internal.Parameters.createParameters(Parameters.java:155)
	at org.testng.internal.Parameters.createParameters(Parameters.java:358)
	at org.testng.internal.Parameters.handleParameters(Parameters.java:450)
	at org.testng.internal.Invoker.handleParameters(Invoker.java:1383)
	at org.testng.internal.Invoker.createParameters(Invoker.java:1075)
	at org.testng.internal.Invoker.invokeTestMethods(Invoker.java:1180)
	at org.testng.internal.TestMethodWorker.invokeTestMethods(TestMethodWorker.java:127)
	at org.testng.internal.TestMethodWorker.run(TestMethodWorker.java:111)
	at org.testng.TestRunner.privateRun(TestRunner.java:767)
	at org.testng.TestRunner.run(TestRunner.java:617)
	at org.testng.SuiteRunner.runTest(SuiteRunner.java:334)
	at org.testng.SuiteRunner.runSequentially(SuiteRunner.java:329)
	at org.testng.SuiteRunner.privateRun(SuiteRunner.java:291)
	at org.testng.SuiteRunner.run(SuiteRunner.java:240)
	at org.testng.SuiteRunnerWorker.runSuite(SuiteRunnerWorker.java:52)
	at org.testng.SuiteRunnerWorker.run(SuiteRunnerWorker.java:86)
	at org.testng.TestNG.runSuitesSequentially(TestNG.java:1224)
	at org.testng.TestNG.runSuitesLocally(TestNG.java:1149)
	at org.testng.TestNG.run(TestNG.java:1057)
	at org.testng.remote.RemoteTestNG.run(RemoteTestNG.java:111)
	at org.testng.remote.RemoteTestNG.initAndRun(RemoteTestNG.java:204)
	at org.testng.remote.RemoteTestNG.main(RemoteTestNG.java:175)
]]>
            </full-stacktrace>
          </exception> <!-- org.testng.TestNGException -->
          <reporter-output>
          </reporter-output>
        </test-method> <!-- readParams -->
        <test-method status="PASS" signature="xTest()[pri:0, instance:test.WeatherChangeCityTest@342c38f8]" name="xTest" duration-ms="48322" started-at="2014-08-09T01:27:20Z" finished-at="2014-08-09T01:28:09Z">
          <reporter-output>
            <line>
              <![CDATA[------------------------------------------------------------------------------------<br>]]>
            </line>
            <line>
              <![CDATA[=====================  Test case: 'test.WeatherChangeCityTest' =====================<br>]]>
            </line>
            <line>
              <![CDATA[------------------------------------------------------------------------------------<br>]]>
            </line>
            <line>
              <![CDATA[--------==[ Preconditions ]==--------<br>]]>
            </line>
            <line>
              <![CDATA[--------==[ Step 1 ]==--------<br>]]>
            </line>
            <line>
              <![CDATA[--------==[ Step 2 ]==--------<br>]]>
            </line>
            <line>
              <![CDATA[Form 'Main form' appears in 23821msec<br>]]>
            </line>
            <line>
              <![CDATA[Button 'Weather page link' :: Clicking<br>]]>
            </line>
            <line>
              <![CDATA[--------==[ Step 3 ]==--------<br>]]>
            </line>
            <line>
              <![CDATA[Form 'Weather form' appears in 80msec<br>]]>
            </line>
            <line>
              <![CDATA[Weather page is downloaded<br>]]>
            </line>
            <line>
              <![CDATA[--------==[ Step 4 ]==--------<br>]]>
            </line>
            <line>
              <![CDATA[Button 'click button to change' :: Clicking<br>]]>
            </line>
            <line>
              <![CDATA[Button 'choose the city' :: Clicking<br>]]>
            </line>
            <line>
              <![CDATA[City changed successfuly<br>]]>
            </line>
            <line>
              <![CDATA[<br>]]>
            </line>
            <line>
              <![CDATA[***********************************************************<br>]]>
            </line>
            <line>
              <![CDATA[***** Test case: 'test.WeatherChangeCityTest' Passed! *****<br>]]>
            </line>
            <line>
              <![CDATA[***********************************************************<br>]]>
            </line>
            <line>
              <![CDATA[<br>]]>
            </line>
          </reporter-output>
        </test-method> <!-- xTest -->
        <test-method status="PASS" signature="after()[pri:0, instance:test.WeatherChangeCityTest@342c38f8]" name="after" is-config="true" duration-ms="1890" started-at="2014-08-09T01:28:09Z" finished-at="2014-08-09T01:28:11Z">
          <reporter-output>
            <line>
              <![CDATA[driver.quit...<br>]]>
            </line>
            <line>
              <![CDATA[killing processes<br>]]>
            </line>
          </reporter-output>
        </test-method> <!-- after -->
      </class> <!-- test.WeatherChangeCityTest -->
      <class name="test.LoginTest">
        <test-method status="PASS" signature="before(org.testng.ITestContext)[pri:0, instance:test.LoginTest@1b2abca6]" name="before" is-config="true" duration-ms="3898" started-at="2014-08-09T01:25:29Z" finished-at="2014-08-09T01:25:33Z">
          <params>
            <param index="0">
              <value>
                <![CDATA[org.testng.TestRunner@64bce832]]>
              </value>
            </param>
          </params>
          <reporter-output>
            <line>
              <![CDATA[browser driver was constructed<br>]]>
            </line>
            <line>
              <![CDATA[Browser 'firefox' ready...<br>]]>
            </line>
          </reporter-output>
        </test-method> <!-- before -->
        <test-method status="FAIL" signature="readParams(java.lang.String, java.lang.String)[pri:0, instance:test.LoginTest@1b2abca6]" name="readParams" duration-ms="0" started-at="2014-08-09T01:25:33Z" finished-at="2014-08-09T01:25:33Z">
          <exception class="org.testng.TestNGException">
            <message>
              <![CDATA[
Parameter 'username' is required by @Test on method readParams but has not been marked @Optional or defined
in C:\Users\lENOVO\AppData\Local\Temp\testng-eclipse-111153164\testng-customsuite.xml]]>
            </message>
            <full-stacktrace>
              <![CDATA[org.testng.TestNGException: 
Parameter 'username' is required by @Test on method readParams but has not been marked @Optional or defined
in C:\Users\lENOVO\AppData\Local\Temp\testng-eclipse-111153164\testng-customsuite.xml
	at org.testng.internal.Parameters.createParameters(Parameters.java:155)
	at org.testng.internal.Parameters.createParameters(Parameters.java:358)
	at org.testng.internal.Parameters.handleParameters(Parameters.java:450)
	at org.testng.internal.Invoker.handleParameters(Invoker.java:1383)
	at org.testng.internal.Invoker.createParameters(Invoker.java:1075)
	at org.testng.internal.Invoker.invokeTestMethods(Invoker.java:1180)
	at org.testng.internal.TestMethodWorker.invokeTestMethods(TestMethodWorker.java:127)
	at org.testng.internal.TestMethodWorker.run(TestMethodWorker.java:111)
	at org.testng.TestRunner.privateRun(TestRunner.java:767)
	at org.testng.TestRunner.run(TestRunner.java:617)
	at org.testng.SuiteRunner.runTest(SuiteRunner.java:334)
	at org.testng.SuiteRunner.runSequentially(SuiteRunner.java:329)
	at org.testng.SuiteRunner.privateRun(SuiteRunner.java:291)
	at org.testng.SuiteRunner.run(SuiteRunner.java:240)
	at org.testng.SuiteRunnerWorker.runSuite(SuiteRunnerWorker.java:52)
	at org.testng.SuiteRunnerWorker.run(SuiteRunnerWorker.java:86)
	at org.testng.TestNG.runSuitesSequentially(TestNG.java:1224)
	at org.testng.TestNG.runSuitesLocally(TestNG.java:1149)
	at org.testng.TestNG.run(TestNG.java:1057)
	at org.testng.remote.RemoteTestNG.run(RemoteTestNG.java:111)
	at org.testng.remote.RemoteTestNG.initAndRun(RemoteTestNG.java:204)
	at org.testng.remote.RemoteTestNG.main(RemoteTestNG.java:175)
]]>
            </full-stacktrace>
          </exception> <!-- org.testng.TestNGException -->
          <reporter-output>
          </reporter-output>
        </test-method> <!-- readParams -->
        <test-method status="FAIL" signature="xTest()[pri:0, instance:test.LoginTest@1b2abca6]" name="xTest" duration-ms="46480" started-at="2014-08-09T01:25:33Z" finished-at="2014-08-09T01:26:20Z">
          <exception class="java.lang.NullPointerException">
            <full-stacktrace>
              <![CDATA[java.lang.NullPointerException
	at webdriver.elements.BaseElement.waitForIsElementPresent(BaseElement.java:181)
	at webdriver.elements.BaseElement.click(BaseElement.java:236)
	at test.forms.MainPageForm.Login(MainPageForm.java:60)
	at test.LoginTest.runTest(LoginTest.java:15)
	at webdriver.BaseTest.xTest(BaseTest.java:39)
	at sun.reflect.NativeMethodAccessorImpl.invoke0(Native Method)
	at sun.reflect.NativeMethodAccessorImpl.invoke(Unknown Source)
	at sun.reflect.DelegatingMethodAccessorImpl.invoke(Unknown Source)
	at java.lang.reflect.Method.invoke(Unknown Source)
	at org.testng.internal.MethodInvocationHelper.invokeMethod(MethodInvocationHelper.java:84)
	at org.testng.internal.Invoker.invokeMethod(Invoker.java:714)
	at org.testng.internal.Invoker.invokeTestMethod(Invoker.java:901)
	at org.testng.internal.Invoker.invokeTestMethods(Invoker.java:1231)
	at org.testng.internal.TestMethodWorker.invokeTestMethods(TestMethodWorker.java:127)
	at org.testng.internal.TestMethodWorker.run(TestMethodWorker.java:111)
	at org.testng.TestRunner.privateRun(TestRunner.java:767)
	at org.testng.TestRunner.run(TestRunner.java:617)
	at org.testng.SuiteRunner.runTest(SuiteRunner.java:334)
	at org.testng.SuiteRunner.runSequentially(SuiteRunner.java:329)
	at org.testng.SuiteRunner.privateRun(SuiteRunner.java:291)
	at org.testng.SuiteRunner.run(SuiteRunner.java:240)
	at org.testng.SuiteRunnerWorker.runSuite(SuiteRunnerWorker.java:52)
	at org.testng.SuiteRunnerWorker.run(SuiteRunnerWorker.java:86)
	at org.testng.TestNG.runSuitesSequentially(TestNG.java:1224)
	at org.testng.TestNG.runSuitesLocally(TestNG.java:1149)
	at org.testng.TestNG.run(TestNG.java:1057)
	at org.testng.remote.RemoteTestNG.run(RemoteTestNG.java:111)
	at org.testng.remote.RemoteTestNG.initAndRun(RemoteTestNG.java:204)
	at org.testng.remote.RemoteTestNG.main(RemoteTestNG.java:175)
]]>
            </full-stacktrace>
          </exception> <!-- java.lang.NullPointerException -->
          <reporter-output>
            <line>
              <![CDATA[------------------------------------------------------------------------<br>]]>
            </line>
            <line>
              <![CDATA[=====================  Test case: 'test.LoginTest' =====================<br>]]>
            </line>
            <line>
              <![CDATA[------------------------------------------------------------------------<br>]]>
            </line>
            <line>
              <![CDATA[--------==[ Preconditions ]==--------<br>]]>
            </line>
            <line>
              <![CDATA[--------==[ Step 1 ]==--------<br>]]>
            </line>
            <line>
              <![CDATA[--------==[ Step 2 ]==--------<br>]]>
            </line>
            <line>
              <![CDATA[Form 'Main form' appears in 13887msec<br>]]>
            </line>
            <line>
              <![CDATA[Button 'enter button' :: Clicking<br>]]>
            </line>
            <line>
              <![CDATA[Text Field 'user name' :: Typing 'null'<br>]]>
            </line>
            <line>
              <![CDATA[Text Field 'password' :: Typing 'null'<br>]]>
            </line>
            <line>
              <![CDATA[<div class="skipped"></div><br>]]>
            </line>
            <line>
              <![CDATA[<div class="failedConfig">>>>>>>>> TEST FAILED <<<<<<<<</div><br>]]>
            </line>
            <line>
              <![CDATA[<div class="skipped"></div><br>]]>
            </line>
          </reporter-output>
        </test-method> <!-- xTest -->
        <test-method status="PASS" signature="after()[pri:0, instance:test.LoginTest@1b2abca6]" name="after" is-config="true" duration-ms="2281" started-at="2014-08-09T01:26:20Z" finished-at="2014-08-09T01:26:22Z">
          <reporter-output>
            <line>
              <![CDATA[driver.quit...<br>]]>
            </line>
            <line>
              <![CDATA[killing processes<br>]]>
            </line>
          </reporter-output>
        </test-method> <!-- after -->
      </class> <!-- test.LoginTest -->
      <class name="test.BlogFindAndGoToTest">
        <test-method status="PASS" signature="before(org.testng.ITestContext)[pri:0, instance:test.BlogFindAndGoToTest@2ed2d9cb]" name="before" is-config="true" duration-ms="5591" started-at="2014-08-09T01:28:33Z" finished-at="2014-08-09T01:28:39Z">
          <params>
            <param index="0">
              <value>
                <![CDATA[org.testng.TestRunner@64bce832]]>
              </value>
            </param>
          </params>
          <reporter-output>
            <line>
              <![CDATA[browser driver was constructed<br>]]>
            </line>
            <line>
              <![CDATA[Browser 'firefox' ready...<br>]]>
            </line>
          </reporter-output>
        </test-method> <!-- before -->
        <test-method status="FAIL" signature="readParams(java.lang.String, java.lang.String)[pri:0, instance:test.BlogFindAndGoToTest@2ed2d9cb]" name="readParams" duration-ms="0" started-at="2014-08-09T01:28:39Z" finished-at="2014-08-09T01:28:39Z">
          <exception class="org.testng.TestNGException">
            <message>
              <![CDATA[
Parameter 'username' is required by @Test on method readParams but has not been marked @Optional or defined
in C:\Users\lENOVO\AppData\Local\Temp\testng-eclipse-111153164\testng-customsuite.xml]]>
            </message>
            <full-stacktrace>
              <![CDATA[org.testng.TestNGException: 
Parameter 'username' is required by @Test on method readParams but has not been marked @Optional or defined
in C:\Users\lENOVO\AppData\Local\Temp\testng-eclipse-111153164\testng-customsuite.xml
	at org.testng.internal.Parameters.createParameters(Parameters.java:155)
	at org.testng.internal.Parameters.createParameters(Parameters.java:358)
	at org.testng.internal.Parameters.handleParameters(Parameters.java:450)
	at org.testng.internal.Invoker.handleParameters(Invoker.java:1383)
	at org.testng.internal.Invoker.createParameters(Invoker.java:1075)
	at org.testng.internal.Invoker.invokeTestMethods(Invoker.java:1180)
	at org.testng.internal.TestMethodWorker.invokeTestMethods(TestMethodWorker.java:127)
	at org.testng.internal.TestMethodWorker.run(TestMethodWorker.java:111)
	at org.testng.TestRunner.privateRun(TestRunner.java:767)
	at org.testng.TestRunner.run(TestRunner.java:617)
	at org.testng.SuiteRunner.runTest(SuiteRunner.java:334)
	at org.testng.SuiteRunner.runSequentially(SuiteRunner.java:329)
	at org.testng.SuiteRunner.privateRun(SuiteRunner.java:291)
	at org.testng.SuiteRunner.run(SuiteRunner.java:240)
	at org.testng.SuiteRunnerWorker.runSuite(SuiteRunnerWorker.java:52)
	at org.testng.SuiteRunnerWorker.run(SuiteRunnerWorker.java:86)
	at org.testng.TestNG.runSuitesSequentially(TestNG.java:1224)
	at org.testng.TestNG.runSuitesLocally(TestNG.java:1149)
	at org.testng.TestNG.run(TestNG.java:1057)
	at org.testng.remote.RemoteTestNG.run(RemoteTestNG.java:111)
	at org.testng.remote.RemoteTestNG.initAndRun(RemoteTestNG.java:204)
	at org.testng.remote.RemoteTestNG.main(RemoteTestNG.java:175)
]]>
            </full-stacktrace>
          </exception> <!-- org.testng.TestNGException -->
          <reporter-output>
          </reporter-output>
        </test-method> <!-- readParams -->
        <test-method status="FAIL" signature="xTest()[pri:0, instance:test.BlogFindAndGoToTest@2ed2d9cb]" name="xTest" duration-ms="6028" started-at="2014-08-09T01:28:39Z" finished-at="2014-08-09T01:28:45Z">
          <exception class="junit.framework.AssertionFailedError">
            <message>
              <![CDATA[null]]>
            </message>
            <full-stacktrace>
              <![CDATA[junit.framework.AssertionFailedError: null
	at junit.framework.Assert.fail(Assert.java:47)
	at junit.framework.Assert.assertTrue(Assert.java:20)
	at junit.framework.Assert.assertTrue(Assert.java:27)
	at webdriver.Logger.fatal(Logger.java:256)
	at webdriver.BaseEntity.fatal(BaseEntity.java:85)
	at webdriver.BaseForm.assertIsOpen(BaseForm.java:98)
	at webdriver.BaseForm.<init>(BaseForm.java:37)
	at test.forms.MainPageForm.<init>(MainPageForm.java:120)
	at test.BlogFindAndGoToTest.runTest(BlogFindAndGoToTest.java:15)
	at webdriver.BaseTest.xTest(BaseTest.java:39)
	at sun.reflect.NativeMethodAccessorImpl.invoke0(Native Method)
	at sun.reflect.NativeMethodAccessorImpl.invoke(Unknown Source)
	at sun.reflect.DelegatingMethodAccessorImpl.invoke(Unknown Source)
	at java.lang.reflect.Method.invoke(Unknown Source)
	at org.testng.internal.MethodInvocationHelper.invokeMethod(MethodInvocationHelper.java:84)
	at org.testng.internal.Invoker.invokeMethod(Invoker.java:714)
	at org.testng.internal.Invoker.invokeTestMethod(Invoker.java:901)
	at org.testng.internal.Invoker.invokeTestMethods(Invoker.java:1231)
	at org.testng.internal.TestMethodWorker.invokeTestMethods(TestMethodWorker.java:127)
	at org.testng.internal.TestMethodWorker.run(TestMethodWorker.java:111)
	at org.testng.TestRunner.privateRun(TestRunner.java:767)
	at org.testng.TestRunner.run(TestRunner.java:617)
	at org.testng.SuiteRunner.runTest(SuiteRunner.java:334)
	at org.testng.SuiteRunner.runSequentially(SuiteRunner.java:329)
	at org.testng.SuiteRunner.privateRun(SuiteRunner.java:291)
	at org.testng.SuiteRunner.run(SuiteRunner.java:240)
	at org.testng.SuiteRunnerWorker.runSuite(SuiteRunnerWorker.java:52)
	at org.testng.SuiteRunnerWorker.run(SuiteRunnerWorker.java:86)
	at org.testng.TestNG.runSuitesSequentially(TestNG.java:1224)
	at org.testng.TestNG.runSuitesLocally(TestNG.java:1149)
	at org.testng.TestNG.run(TestNG.java:1057)
	at org.testng.remote.RemoteTestNG.run(RemoteTestNG.java:111)
	at org.testng.remote.RemoteTestNG.initAndRun(RemoteTestNG.java:204)
	at org.testng.remote.RemoteTestNG.main(RemoteTestNG.java:175)
]]>
            </full-stacktrace>
          </exception> <!-- junit.framework.AssertionFailedError -->
          <reporter-output>
            <line>
              <![CDATA[----------------------------------------------------------------------------------<br>]]>
            </line>
            <line>
              <![CDATA[=====================  Test case: 'test.BlogFindAndGoToTest' =====================<br>]]>
            </line>
            <line>
              <![CDATA[----------------------------------------------------------------------------------<br>]]>
            </line>
            <line>
              <![CDATA[--------==[ Preconditions ]==--------<br>]]>
            </line>
            <line>
              <![CDATA[--------==[ Step 1 ]==--------<br>]]>
            </line>
            <line>
              <![CDATA[--------==[ Step 2 ]==--------<br>]]>
            </line>
            <line>
              <![CDATA[<div class="failedConfig">Form 'Main form' doesn't appear</div><br>]]>
            </line>
            <line>
              <![CDATA[<div class="skipped"></div><br>]]>
            </line>
            <line>
              <![CDATA[<div class="failedConfig">>>>>>>>> TEST FAILED <<<<<<<<</div><br>]]>
            </line>
            <line>
              <![CDATA[<div class="skipped"></div><br>]]>
            </line>
          </reporter-output>
        </test-method> <!-- xTest -->
        <test-method status="PASS" signature="after()[pri:0, instance:test.BlogFindAndGoToTest@2ed2d9cb]" name="after" is-config="true" duration-ms="1167" started-at="2014-08-09T01:28:45Z" finished-at="2014-08-09T01:28:46Z">
          <reporter-output>
            <line>
              <![CDATA[killing processes<br>]]>
            </line>
          </reporter-output>
        </test-method> <!-- after -->
      </class> <!-- test.BlogFindAndGoToTest -->
      <class name="test.FindRoadRulesTest">
        <test-method status="PASS" signature="before(org.testng.ITestContext)[pri:0, instance:test.FindRoadRulesTest@4fb3ee4e]" name="before" is-config="true" duration-ms="3819" started-at="2014-08-09T01:26:22Z" finished-at="2014-08-09T01:26:26Z">
          <params>
            <param index="0">
              <value>
                <![CDATA[org.testng.TestRunner@64bce832]]>
              </value>
            </param>
          </params>
          <reporter-output>
            <line>
              <![CDATA[browser driver was constructed<br>]]>
            </line>
            <line>
              <![CDATA[Browser 'firefox' ready...<br>]]>
            </line>
          </reporter-output>
        </test-method> <!-- before -->
        <test-method status="FAIL" signature="readParams(java.lang.String, java.lang.String)[pri:0, instance:test.FindRoadRulesTest@4fb3ee4e]" name="readParams" duration-ms="0" started-at="2014-08-09T01:26:26Z" finished-at="2014-08-09T01:26:26Z">
          <exception class="org.testng.TestNGException">
            <message>
              <![CDATA[
Parameter 'username' is required by @Test on method readParams but has not been marked @Optional or defined
in C:\Users\lENOVO\AppData\Local\Temp\testng-eclipse-111153164\testng-customsuite.xml]]>
            </message>
            <full-stacktrace>
              <![CDATA[org.testng.TestNGException: 
Parameter 'username' is required by @Test on method readParams but has not been marked @Optional or defined
in C:\Users\lENOVO\AppData\Local\Temp\testng-eclipse-111153164\testng-customsuite.xml
	at org.testng.internal.Parameters.createParameters(Parameters.java:155)
	at org.testng.internal.Parameters.createParameters(Parameters.java:358)
	at org.testng.internal.Parameters.handleParameters(Parameters.java:450)
	at org.testng.internal.Invoker.handleParameters(Invoker.java:1383)
	at org.testng.internal.Invoker.createParameters(Invoker.java:1075)
	at org.testng.internal.Invoker.invokeTestMethods(Invoker.java:1180)
	at org.testng.internal.TestMethodWorker.invokeTestMethods(TestMethodWorker.java:127)
	at org.testng.internal.TestMethodWorker.run(TestMethodWorker.java:111)
	at org.testng.TestRunner.privateRun(TestRunner.java:767)
	at org.testng.TestRunner.run(TestRunner.java:617)
	at org.testng.SuiteRunner.runTest(SuiteRunner.java:334)
	at org.testng.SuiteRunner.runSequentially(SuiteRunner.java:329)
	at org.testng.SuiteRunner.privateRun(SuiteRunner.java:291)
	at org.testng.SuiteRunner.run(SuiteRunner.java:240)
	at org.testng.SuiteRunnerWorker.runSuite(SuiteRunnerWorker.java:52)
	at org.testng.SuiteRunnerWorker.run(SuiteRunnerWorker.java:86)
	at org.testng.TestNG.runSuitesSequentially(TestNG.java:1224)
	at org.testng.TestNG.runSuitesLocally(TestNG.java:1149)
	at org.testng.TestNG.run(TestNG.java:1057)
	at org.testng.remote.RemoteTestNG.run(RemoteTestNG.java:111)
	at org.testng.remote.RemoteTestNG.initAndRun(RemoteTestNG.java:204)
	at org.testng.remote.RemoteTestNG.main(RemoteTestNG.java:175)
]]>
            </full-stacktrace>
          </exception> <!-- org.testng.TestNGException -->
          <reporter-output>
          </reporter-output>
        </test-method> <!-- readParams -->
        <test-method status="FAIL" signature="xTest()[pri:0, instance:test.FindRoadRulesTest@4fb3ee4e]" name="xTest" duration-ms="49452" started-at="2014-08-09T01:26:26Z" finished-at="2014-08-09T01:27:15Z">
          <exception class="junit.framework.AssertionFailedError">
            <message>
              <![CDATA[null]]>
            </message>
            <full-stacktrace>
              <![CDATA[junit.framework.AssertionFailedError: null
	at junit.framework.Assert.fail(Assert.java:47)
	at junit.framework.Assert.assertTrue(Assert.java:20)
	at junit.framework.Assert.assertTrue(Assert.java:27)
	at webdriver.Logger.fatal(Logger.java:256)
	at webdriver.BaseEntity.fatal(BaseEntity.java:85)
	at webdriver.BaseForm.assertIsOpen(BaseForm.java:98)
	at webdriver.BaseForm.<init>(BaseForm.java:37)
	at test.forms.AutoForm.<init>(AutoForm.java:30)
	at test.FindRoadRulesTest.runTest(FindRoadRulesTest.java:19)
	at webdriver.BaseTest.xTest(BaseTest.java:39)
	at sun.reflect.NativeMethodAccessorImpl.invoke0(Native Method)
	at sun.reflect.NativeMethodAccessorImpl.invoke(Unknown Source)
	at sun.reflect.DelegatingMethodAccessorImpl.invoke(Unknown Source)
	at java.lang.reflect.Method.invoke(Unknown Source)
	at org.testng.internal.MethodInvocationHelper.invokeMethod(MethodInvocationHelper.java:84)
	at org.testng.internal.Invoker.invokeMethod(Invoker.java:714)
	at org.testng.internal.Invoker.invokeTestMethod(Invoker.java:901)
	at org.testng.internal.Invoker.invokeTestMethods(Invoker.java:1231)
	at org.testng.internal.TestMethodWorker.invokeTestMethods(TestMethodWorker.java:127)
	at org.testng.internal.TestMethodWorker.run(TestMethodWorker.java:111)
	at org.testng.TestRunner.privateRun(TestRunner.java:767)
	at org.testng.TestRunner.run(TestRunner.java:617)
	at org.testng.SuiteRunner.runTest(SuiteRunner.java:334)
	at org.testng.SuiteRunner.runSequentially(SuiteRunner.java:329)
	at org.testng.SuiteRunner.privateRun(SuiteRunner.java:291)
	at org.testng.SuiteRunner.run(SuiteRunner.java:240)
	at org.testng.SuiteRunnerWorker.runSuite(SuiteRunnerWorker.java:52)
	at org.testng.SuiteRunnerWorker.run(SuiteRunnerWorker.java:86)
	at org.testng.TestNG.runSuitesSequentially(TestNG.java:1224)
	at org.testng.TestNG.runSuitesLocally(TestNG.java:1149)
	at org.testng.TestNG.run(TestNG.java:1057)
	at org.testng.remote.RemoteTestNG.run(RemoteTestNG.java:111)
	at org.testng.remote.RemoteTestNG.initAndRun(RemoteTestNG.java:204)
	at org.testng.remote.RemoteTestNG.main(RemoteTestNG.java:175)
]]>
            </full-stacktrace>
          </exception> <!-- junit.framework.AssertionFailedError -->
          <reporter-output>
            <line>
              <![CDATA[--------------------------------------------------------------------------------<br>]]>
            </line>
            <line>
              <![CDATA[=====================  Test case: 'test.FindRoadRulesTest' =====================<br>]]>
            </line>
            <line>
              <![CDATA[--------------------------------------------------------------------------------<br>]]>
            </line>
            <line>
              <![CDATA[--------==[ Preconditions ]==--------<br>]]>
            </line>
            <line>
              <![CDATA[--------==[ Step 1 ]==--------<br>]]>
            </line>
            <line>
              <![CDATA[--------==[ Step 2 ]==--------<br>]]>
            </line>
            <line>
              <![CDATA[Form 'Main form' appears in 23219msec<br>]]>
            </line>
            <line>
              <![CDATA[Button 'all resources link' :: Clicking<br>]]>
            </line>
            <line>
              <![CDATA[Field 'All Resources' appeared<br>]]>
            </line>
            <line>
              <![CDATA[--------==[ Step 3 ]==--------<br>]]>
            </line>
            <line>
              <![CDATA[Button 'blog link' :: Clicking<br>]]>
            </line>
            <line>
              <![CDATA[--------==[ Step 4 ]==--------<br>]]>
            </line>
            <line>
              <![CDATA[<div class="failedConfig">Form 'Auto form' doesn't appear</div><br>]]>
            </line>
            <line>
              <![CDATA[<div class="skipped"></div><br>]]>
            </line>
            <line>
              <![CDATA[<div class="failedConfig">>>>>>>>> TEST FAILED <<<<<<<<</div><br>]]>
            </line>
            <line>
              <![CDATA[<div class="skipped"></div><br>]]>
            </line>
          </reporter-output>
        </test-method> <!-- xTest -->
        <test-method status="PASS" signature="after()[pri:0, instance:test.FindRoadRulesTest@4fb3ee4e]" name="after" is-config="true" duration-ms="1201" started-at="2014-08-09T01:27:15Z" finished-at="2014-08-09T01:27:17Z">
          <reporter-output>
            <line>
              <![CDATA[killing processes<br>]]>
            </line>
          </reporter-output>
        </test-method> <!-- after -->
      </class> <!-- test.FindRoadRulesTest -->
      <class name="test.JobFindAndSortTest">
        <test-method status="PASS" signature="before(org.testng.ITestContext)[pri:0, instance:test.JobFindAndSortTest@e15b7e8]" name="before" is-config="true" duration-ms="59" started-at="2014-08-09T01:22:38Z" finished-at="2014-08-09T01:22:38Z">
          <params>
            <param index="0">
              <value>
                <![CDATA[org.testng.TestRunner@64bce832]]>
              </value>
            </param>
          </params>
          <reporter-output>
          </reporter-output>
        </test-method> <!-- before -->
        <test-method status="FAIL" signature="readParams(java.lang.String, java.lang.String)[pri:0, instance:test.JobFindAndSortTest@e15b7e8]" name="readParams" duration-ms="0" started-at="2014-08-09T01:22:38Z" finished-at="2014-08-09T01:22:38Z">
          <exception class="org.testng.TestNGException">
            <message>
              <![CDATA[
Parameter 'username' is required by @Test on method readParams but has not been marked @Optional or defined
in C:\Users\lENOVO\AppData\Local\Temp\testng-eclipse-111153164\testng-customsuite.xml]]>
            </message>
            <full-stacktrace>
              <![CDATA[org.testng.TestNGException: 
Parameter 'username' is required by @Test on method readParams but has not been marked @Optional or defined
in C:\Users\lENOVO\AppData\Local\Temp\testng-eclipse-111153164\testng-customsuite.xml
	at org.testng.internal.Parameters.createParameters(Parameters.java:155)
	at org.testng.internal.Parameters.createParameters(Parameters.java:358)
	at org.testng.internal.Parameters.handleParameters(Parameters.java:450)
	at org.testng.internal.Invoker.handleParameters(Invoker.java:1383)
	at org.testng.internal.Invoker.createParameters(Invoker.java:1075)
	at org.testng.internal.Invoker.invokeTestMethods(Invoker.java:1180)
	at org.testng.internal.TestMethodWorker.invokeTestMethods(TestMethodWorker.java:127)
	at org.testng.internal.TestMethodWorker.run(TestMethodWorker.java:111)
	at org.testng.TestRunner.privateRun(TestRunner.java:767)
	at org.testng.TestRunner.run(TestRunner.java:617)
	at org.testng.SuiteRunner.runTest(SuiteRunner.java:334)
	at org.testng.SuiteRunner.runSequentially(SuiteRunner.java:329)
	at org.testng.SuiteRunner.privateRun(SuiteRunner.java:291)
	at org.testng.SuiteRunner.run(SuiteRunner.java:240)
	at org.testng.SuiteRunnerWorker.runSuite(SuiteRunnerWorker.java:52)
	at org.testng.SuiteRunnerWorker.run(SuiteRunnerWorker.java:86)
	at org.testng.TestNG.runSuitesSequentially(TestNG.java:1224)
	at org.testng.TestNG.runSuitesLocally(TestNG.java:1149)
	at org.testng.TestNG.run(TestNG.java:1057)
	at org.testng.remote.RemoteTestNG.run(RemoteTestNG.java:111)
	at org.testng.remote.RemoteTestNG.initAndRun(RemoteTestNG.java:204)
	at org.testng.remote.RemoteTestNG.main(RemoteTestNG.java:175)
]]>
            </full-stacktrace>
          </exception> <!-- org.testng.TestNGException -->
          <reporter-output>
          </reporter-output>
        </test-method> <!-- readParams -->
        <test-method status="PASS" signature="xTest()[pri:0, instance:test.JobFindAndSortTest@e15b7e8]" name="xTest" duration-ms="39441" started-at="2014-08-09T01:22:38Z" finished-at="2014-08-09T01:23:17Z">
          <reporter-output>
            <line>
              <![CDATA[---------------------------------------------------------------------------------<br>]]>
            </line>
            <line>
              <![CDATA[=====================  Test case: 'test.JobFindAndSortTest' =====================<br>]]>
            </line>
            <line>
              <![CDATA[---------------------------------------------------------------------------------<br>]]>
            </line>
            <line>
              <![CDATA[--------==[ Preconditions ]==--------<br>]]>
            </line>
            <line>
              <![CDATA[--------==[ Step 1 ]==--------<br>]]>
            </line>
            <line>
              <![CDATA[--------==[ Step 2 ]==--------<br>]]>
            </line>
            <line>
              <![CDATA[Form 'Main form' appears in 17402msec<br>]]>
            </line>
            <line>
              <![CDATA[Button 'Go to jobs' :: Clicking<br>]]>
            </line>
            <line>
              <![CDATA[--------==[ Step 3 ]==--------<br>]]>
            </line>
            <line>
              <![CDATA[Form 'Job form' appears in 192msec<br>]]>
            </line>
            <line>
              <![CDATA[Jobs Page is downloaded<br>]]>
            </line>
            <line>
              <![CDATA[--------==[ Step 4 ]==--------<br>]]>
            </line>
            <line>
              <![CDATA[Text Field 'find job  text box' :: Typing 'Junior developer'<br>]]>
            </line>
            <line>
              <![CDATA[Button 'Programing check box' :: Setting value 'true'<br>]]>
            </line>
            <line>
              <![CDATA[Text Field 'salary text box' :: Typing '1000000'<br>]]>
            </line>
            <line>
              <![CDATA[Button 'Find job button' :: Clicking<br>]]>
            </line>
            <line>
              <![CDATA[Search success<br>]]>
            </line>
            <line>
              <![CDATA[<br>]]>
            </line>
            <line>
              <![CDATA[********************************************************<br>]]>
            </line>
            <line>
              <![CDATA[***** Test case: 'test.JobFindAndSortTest' Passed! *****<br>]]>
            </line>
            <line>
              <![CDATA[********************************************************<br>]]>
            </line>
            <line>
              <![CDATA[<br>]]>
            </line>
          </reporter-output>
        </test-method> <!-- xTest -->
        <test-method status="PASS" signature="after()[pri:0, instance:test.JobFindAndSortTest@e15b7e8]" name="after" is-config="true" duration-ms="3091" started-at="2014-08-09T01:23:17Z" finished-at="2014-08-09T01:23:20Z">
          <reporter-output>
            <line>
              <![CDATA[driver.quit...<br>]]>
            </line>
            <line>
              <![CDATA[killing processes<br>]]>
            </line>
          </reporter-output>
        </test-method> <!-- after -->
      </class> <!-- test.JobFindAndSortTest -->
      <class name="test.JobAdvancedSearchTest">
        <test-method status="PASS" signature="before(org.testng.ITestContext)[pri:0, instance:test.JobAdvancedSearchTest@bae7dc0]" name="before" is-config="true" duration-ms="3813" started-at="2014-08-09T01:28:11Z" finished-at="2014-08-09T01:28:14Z">
          <params>
            <param index="0">
              <value>
                <![CDATA[org.testng.TestRunner@64bce832]]>
              </value>
            </param>
          </params>
          <reporter-output>
            <line>
              <![CDATA[browser driver was constructed<br>]]>
            </line>
            <line>
              <![CDATA[Browser 'firefox' ready...<br>]]>
            </line>
          </reporter-output>
        </test-method> <!-- before -->
        <test-method status="FAIL" signature="readParams(java.lang.String, java.lang.String)[pri:0, instance:test.JobAdvancedSearchTest@bae7dc0]" name="readParams" duration-ms="0" started-at="2014-08-09T01:28:14Z" finished-at="2014-08-09T01:28:14Z">
          <exception class="org.testng.TestNGException">
            <message>
              <![CDATA[
Parameter 'username' is required by @Test on method readParams but has not been marked @Optional or defined
in C:\Users\lENOVO\AppData\Local\Temp\testng-eclipse-111153164\testng-customsuite.xml]]>
            </message>
            <full-stacktrace>
              <![CDATA[org.testng.TestNGException: 
Parameter 'username' is required by @Test on method readParams but has not been marked @Optional or defined
in C:\Users\lENOVO\AppData\Local\Temp\testng-eclipse-111153164\testng-customsuite.xml
	at org.testng.internal.Parameters.createParameters(Parameters.java:155)
	at org.testng.internal.Parameters.createParameters(Parameters.java:358)
	at org.testng.internal.Parameters.handleParameters(Parameters.java:450)
	at org.testng.internal.Invoker.handleParameters(Invoker.java:1383)
	at org.testng.internal.Invoker.createParameters(Invoker.java:1075)
	at org.testng.internal.Invoker.invokeTestMethods(Invoker.java:1180)
	at org.testng.internal.TestMethodWorker.invokeTestMethods(TestMethodWorker.java:127)
	at org.testng.internal.TestMethodWorker.run(TestMethodWorker.java:111)
	at org.testng.TestRunner.privateRun(TestRunner.java:767)
	at org.testng.TestRunner.run(TestRunner.java:617)
	at org.testng.SuiteRunner.runTest(SuiteRunner.java:334)
	at org.testng.SuiteRunner.runSequentially(SuiteRunner.java:329)
	at org.testng.SuiteRunner.privateRun(SuiteRunner.java:291)
	at org.testng.SuiteRunner.run(SuiteRunner.java:240)
	at org.testng.SuiteRunnerWorker.runSuite(SuiteRunnerWorker.java:52)
	at org.testng.SuiteRunnerWorker.run(SuiteRunnerWorker.java:86)
	at org.testng.TestNG.runSuitesSequentially(TestNG.java:1224)
	at org.testng.TestNG.runSuitesLocally(TestNG.java:1149)
	at org.testng.TestNG.run(TestNG.java:1057)
	at org.testng.remote.RemoteTestNG.run(RemoteTestNG.java:111)
	at org.testng.remote.RemoteTestNG.initAndRun(RemoteTestNG.java:204)
	at org.testng.remote.RemoteTestNG.main(RemoteTestNG.java:175)
]]>
            </full-stacktrace>
          </exception> <!-- org.testng.TestNGException -->
          <reporter-output>
          </reporter-output>
        </test-method> <!-- readParams -->
        <test-method status="FAIL" signature="xTest()[pri:0, instance:test.JobAdvancedSearchTest@bae7dc0]" name="xTest" duration-ms="4313" started-at="2014-08-09T01:28:14Z" finished-at="2014-08-09T01:28:19Z">
          <exception class="org.openqa.selenium.remote.UnreachableBrowserException">
            <message>
              <![CDATA[Error communicating with the remote browser. It may have died.
Build info: version: '2.40.0', revision: '4c5c0568b004f67810ee41c459549aa4b09c651e', time: '2014-02-19 11:13:01'
System info: host: 'Veronika', ip: '100.93.192.202', os.name: 'Windows 7', os.arch: 'amd64', os.version: '6.1', java.version: '1.8.0_05'
Driver info: driver.version: RemoteWebDriver]]>
            </message>
            <full-stacktrace>
              <![CDATA[org.openqa.selenium.remote.UnreachableBrowserException: Error communicating with the remote browser. It may have died.
Build info: version: '2.40.0', revision: '4c5c0568b004f67810ee41c459549aa4b09c651e', time: '2014-02-19 11:13:01'
System info: host: 'Veronika', ip: '100.93.192.202', os.name: 'Windows 7', os.arch: 'amd64', os.version: '6.1', java.version: '1.8.0_05'
Driver info: driver.version: RemoteWebDriver
	at org.openqa.selenium.remote.RemoteWebDriver.execute(RemoteWebDriver.java:548)
	at org.openqa.selenium.remote.RemoteWebDriver.get(RemoteWebDriver.java:276)
	at org.openqa.selenium.remote.RemoteWebDriver$RemoteNavigation.to(RemoteWebDriver.java:800)
	at webdriver.Browser.navigate(Browser.java:215)
	at test.JobAdvancedSearchTest.runTest(JobAdvancedSearchTest.java:13)
	at webdriver.BaseTest.xTest(BaseTest.java:39)
	at sun.reflect.NativeMethodAccessorImpl.invoke0(Native Method)
	at sun.reflect.NativeMethodAccessorImpl.invoke(Unknown Source)
	at sun.reflect.DelegatingMethodAccessorImpl.invoke(Unknown Source)
	at java.lang.reflect.Method.invoke(Unknown Source)
	at org.testng.internal.MethodInvocationHelper.invokeMethod(MethodInvocationHelper.java:84)
	at org.testng.internal.Invoker.invokeMethod(Invoker.java:714)
	at org.testng.internal.Invoker.invokeTestMethod(Invoker.java:901)
	at org.testng.internal.Invoker.invokeTestMethods(Invoker.java:1231)
	at org.testng.internal.TestMethodWorker.invokeTestMethods(TestMethodWorker.java:127)
	at org.testng.internal.TestMethodWorker.run(TestMethodWorker.java:111)
	at org.testng.TestRunner.privateRun(TestRunner.java:767)
	at org.testng.TestRunner.run(TestRunner.java:617)
	at org.testng.SuiteRunner.runTest(SuiteRunner.java:334)
	at org.testng.SuiteRunner.runSequentially(SuiteRunner.java:329)
	at org.testng.SuiteRunner.privateRun(SuiteRunner.java:291)
	at org.testng.SuiteRunner.run(SuiteRunner.java:240)
	at org.testng.SuiteRunnerWorker.runSuite(SuiteRunnerWorker.java:52)
	at org.testng.SuiteRunnerWorker.run(SuiteRunnerWorker.java:86)
	at org.testng.TestNG.runSuitesSequentially(TestNG.java:1224)
	at org.testng.TestNG.runSuitesLocally(TestNG.java:1149)
	at org.testng.TestNG.run(TestNG.java:1057)
	at org.testng.remote.RemoteTestNG.run(RemoteTestNG.java:111)
	at org.testng.remote.RemoteTestNG.initAndRun(RemoteTestNG.java:204)
	at org.testng.remote.RemoteTestNG.main(RemoteTestNG.java:175)
Caused by: java.net.ConnectException: Connection refused: connect
	at java.net.DualStackPlainSocketImpl.waitForConnect(Native Method)
	at java.net.DualStackPlainSocketImpl.socketConnect(Unknown Source)
	at java.net.AbstractPlainSocketImpl.doConnect(Unknown Source)
	at java.net.AbstractPlainSocketImpl.connectToAddress(Unknown Source)
	at java.net.AbstractPlainSocketImpl.connect(Unknown Source)
	at java.net.PlainSocketImpl.connect(Unknown Source)
	at java.net.SocksSocketImpl.connect(Unknown Source)
	at java.net.Socket.connect(Unknown Source)
	at org.apache.http.conn.scheme.PlainSocketFactory.connectSocket(PlainSocketFactory.java:117)
	at org.apache.http.impl.conn.DefaultClientConnectionOperator.openConnection(DefaultClientConnectionOperator.java:178)
	at org.apache.http.impl.conn.AbstractPoolEntry.open(AbstractPoolEntry.java:144)
	at org.apache.http.impl.conn.AbstractPooledConnAdapter.open(AbstractPooledConnAdapter.java:131)
	at org.apache.http.impl.client.DefaultRequestDirector.tryConnect(DefaultRequestDirector.java:610)
	at org.apache.http.impl.client.DefaultRequestDirector.execute(DefaultRequestDirector.java:445)
	at org.apache.http.impl.client.AbstractHttpClient.doExecute(AbstractHttpClient.java:863)
	at org.apache.http.impl.client.CloseableHttpClient.execute(CloseableHttpClient.java:72)
	at org.apache.http.impl.client.CloseableHttpClient.execute(CloseableHttpClient.java:57)
	at org.openqa.selenium.remote.HttpCommandExecutor.fallBackExecute(HttpCommandExecutor.java:337)
	at org.openqa.selenium.remote.HttpCommandExecutor.execute(HttpCommandExecutor.java:298)
	at org.openqa.selenium.firefox.internal.NewProfileExtensionConnection.execute(NewProfileExtensionConnection.java:165)
	at org.openqa.selenium.firefox.FirefoxDriver$LazyCommandExecutor.execute(FirefoxDriver.java:363)
	at org.openqa.selenium.remote.RemoteWebDriver.execute(RemoteWebDriver.java:527)
	... 29 more
]]>
            </full-stacktrace>
          </exception> <!-- org.openqa.selenium.remote.UnreachableBrowserException -->
          <reporter-output>
            <line>
              <![CDATA[------------------------------------------------------------------------------------<br>]]>
            </line>
            <line>
              <![CDATA[=====================  Test case: 'test.JobAdvancedSearchTest' =====================<br>]]>
            </line>
            <line>
              <![CDATA[------------------------------------------------------------------------------------<br>]]>
            </line>
            <line>
              <![CDATA[--------==[ Preconditions ]==--------<br>]]>
            </line>
            <line>
              <![CDATA[--------==[ Step 1 ]==--------<br>]]>
            </line>
            <line>
              <![CDATA[<div class="skipped"></div><br>]]>
            </line>
            <line>
              <![CDATA[<div class="failedConfig">>>>>>>>> TEST FAILED <<<<<<<<</div><br>]]>
            </line>
            <line>
              <![CDATA[<div class="skipped"></div><br>]]>
            </line>
          </reporter-output>
        </test-method> <!-- xTest -->
        <test-method status="PASS" signature="after()[pri:0, instance:test.JobAdvancedSearchTest@bae7dc0]" name="after" is-config="true" duration-ms="1168" started-at="2014-08-09T01:28:19Z" finished-at="2014-08-09T01:28:20Z">
          <reporter-output>
            <line>
              <![CDATA[killing processes<br>]]>
            </line>
          </reporter-output>
        </test-method> <!-- after -->
      </class> <!-- test.JobAdvancedSearchTest -->
      <class name="test.AfishaFindEventTest">
        <test-method status="PASS" signature="before(org.testng.ITestContext)[pri:0, instance:test.AfishaFindEventTest@6392827e]" name="before" is-config="true" duration-ms="3849" started-at="2014-08-09T01:24:48Z" finished-at="2014-08-09T01:24:52Z">
          <params>
            <param index="0">
              <value>
                <![CDATA[org.testng.TestRunner@64bce832]]>
              </value>
            </param>
          </params>
          <reporter-output>
            <line>
              <![CDATA[browser driver was constructed<br>]]>
            </line>
            <line>
              <![CDATA[Browser 'firefox' ready...<br>]]>
            </line>
          </reporter-output>
        </test-method> <!-- before -->
        <test-method status="FAIL" signature="readParams(java.lang.String, java.lang.String)[pri:0, instance:test.AfishaFindEventTest@6392827e]" name="readParams" duration-ms="0" started-at="2014-08-09T01:24:52Z" finished-at="2014-08-09T01:24:52Z">
          <exception class="org.testng.TestNGException">
            <message>
              <![CDATA[
Parameter 'username' is required by @Test on method readParams but has not been marked @Optional or defined
in C:\Users\lENOVO\AppData\Local\Temp\testng-eclipse-111153164\testng-customsuite.xml]]>
            </message>
            <full-stacktrace>
              <![CDATA[org.testng.TestNGException: 
Parameter 'username' is required by @Test on method readParams but has not been marked @Optional or defined
in C:\Users\lENOVO\AppData\Local\Temp\testng-eclipse-111153164\testng-customsuite.xml
	at org.testng.internal.Parameters.createParameters(Parameters.java:155)
	at org.testng.internal.Parameters.createParameters(Parameters.java:358)
	at org.testng.internal.Parameters.handleParameters(Parameters.java:450)
	at org.testng.internal.Invoker.handleParameters(Invoker.java:1383)
	at org.testng.internal.Invoker.createParameters(Invoker.java:1075)
	at org.testng.internal.Invoker.invokeTestMethods(Invoker.java:1180)
	at org.testng.internal.TestMethodWorker.invokeTestMethods(TestMethodWorker.java:127)
	at org.testng.internal.TestMethodWorker.run(TestMethodWorker.java:111)
	at org.testng.TestRunner.privateRun(TestRunner.java:767)
	at org.testng.TestRunner.run(TestRunner.java:617)
	at org.testng.SuiteRunner.runTest(SuiteRunner.java:334)
	at org.testng.SuiteRunner.runSequentially(SuiteRunner.java:329)
	at org.testng.SuiteRunner.privateRun(SuiteRunner.java:291)
	at org.testng.SuiteRunner.run(SuiteRunner.java:240)
	at org.testng.SuiteRunnerWorker.runSuite(SuiteRunnerWorker.java:52)
	at org.testng.SuiteRunnerWorker.run(SuiteRunnerWorker.java:86)
	at org.testng.TestNG.runSuitesSequentially(TestNG.java:1224)
	at org.testng.TestNG.runSuitesLocally(TestNG.java:1149)
	at org.testng.TestNG.run(TestNG.java:1057)
	at org.testng.remote.RemoteTestNG.run(RemoteTestNG.java:111)
	at org.testng.remote.RemoteTestNG.initAndRun(RemoteTestNG.java:204)
	at org.testng.remote.RemoteTestNG.main(RemoteTestNG.java:175)
]]>
            </full-stacktrace>
          </exception> <!-- org.testng.TestNGException -->
          <reporter-output>
          </reporter-output>
        </test-method> <!-- readParams -->
        <test-method status="PASS" signature="xTest()[pri:0, instance:test.AfishaFindEventTest@6392827e]" name="xTest" duration-ms="36328" started-at="2014-08-09T01:24:52Z" finished-at="2014-08-09T01:25:28Z">
          <reporter-output>
            <line>
              <![CDATA[----------------------------------------------------------------------------------<br>]]>
            </line>
            <line>
              <![CDATA[=====================  Test case: 'test.AfishaFindEventTest' =====================<br>]]>
            </line>
            <line>
              <![CDATA[----------------------------------------------------------------------------------<br>]]>
            </line>
            <line>
              <![CDATA[--------==[ Preconditions ]==--------<br>]]>
            </line>
            <line>
              <![CDATA[--------==[ Step 1 ]==--------<br>]]>
            </line>
            <line>
              <![CDATA[--------==[ Step 2 ]==--------<br>]]>
            </line>
            <line>
              <![CDATA[Form 'Main form' appears in 13510msec<br>]]>
            </line>
            <line>
              <![CDATA[Button 'afisha link' :: Clicking<br>]]>
            </line>
            <line>
              <![CDATA[--------==[ Step 3 ]==--------<br>]]>
            </line>
            <line>
              <![CDATA[Form 'Afisha form' appears in 794msec<br>]]>
            </line>
            <line>
              <![CDATA[Afisha page is downloaded<br>]]>
            </line>
            <line>
              <![CDATA[--------==[ Step 4 ]==--------<br>]]>
            </line>
            <line>
              <![CDATA[Text Field 'search box afisha' :: Typing 'Three days grace'<br>]]>
            </line>
            <line>
              <![CDATA[Button 'afisha search button' :: Clicking<br>]]>
            </line>
            <line>
              <![CDATA[Search success<br>]]>
            </line>
            <line>
              <![CDATA[<br>]]>
            </line>
            <line>
              <![CDATA[*********************************************************<br>]]>
            </line>
            <line>
              <![CDATA[***** Test case: 'test.AfishaFindEventTest' Passed! *****<br>]]>
            </line>
            <line>
              <![CDATA[*********************************************************<br>]]>
            </line>
            <line>
              <![CDATA[<br>]]>
            </line>
          </reporter-output>
        </test-method> <!-- xTest -->
        <test-method status="PASS" signature="after()[pri:0, instance:test.AfishaFindEventTest@6392827e]" name="after" is-config="true" duration-ms="1564" started-at="2014-08-09T01:25:28Z" finished-at="2014-08-09T01:25:29Z">
          <reporter-output>
            <line>
              <![CDATA[driver.quit...<br>]]>
            </line>
            <line>
              <![CDATA[killing processes<br>]]>
            </line>
          </reporter-output>
        </test-method> <!-- after -->
      </class> <!-- test.AfishaFindEventTest -->
      <class name="test.MusicFindGroupTest">
        <test-method status="PASS" signature="before(org.testng.ITestContext)[pri:0, instance:test.MusicFindGroupTest@d5b810e]" name="before" is-config="true" duration-ms="3732" started-at="2014-08-09T01:23:20Z" finished-at="2014-08-09T01:23:24Z">
          <params>
            <param index="0">
              <value>
                <![CDATA[org.testng.TestRunner@64bce832]]>
              </value>
            </param>
          </params>
          <reporter-output>
            <line>
              <![CDATA[browser driver was constructed<br>]]>
            </line>
            <line>
              <![CDATA[Browser 'firefox' ready...<br>]]>
            </line>
          </reporter-output>
        </test-method> <!-- before -->
        <test-method status="FAIL" signature="readParams(java.lang.String, java.lang.String)[pri:0, instance:test.MusicFindGroupTest@d5b810e]" name="readParams" duration-ms="0" started-at="2014-08-09T01:23:24Z" finished-at="2014-08-09T01:23:24Z">
          <exception class="org.testng.TestNGException">
            <message>
              <![CDATA[
Parameter 'username' is required by @Test on method readParams but has not been marked @Optional or defined
in C:\Users\lENOVO\AppData\Local\Temp\testng-eclipse-111153164\testng-customsuite.xml]]>
            </message>
            <full-stacktrace>
              <![CDATA[org.testng.TestNGException: 
Parameter 'username' is required by @Test on method readParams but has not been marked @Optional or defined
in C:\Users\lENOVO\AppData\Local\Temp\testng-eclipse-111153164\testng-customsuite.xml
	at org.testng.internal.Parameters.createParameters(Parameters.java:155)
	at org.testng.internal.Parameters.createParameters(Parameters.java:358)
	at org.testng.internal.Parameters.handleParameters(Parameters.java:450)
	at org.testng.internal.Invoker.handleParameters(Invoker.java:1383)
	at org.testng.internal.Invoker.createParameters(Invoker.java:1075)
	at org.testng.internal.Invoker.invokeTestMethods(Invoker.java:1180)
	at org.testng.internal.TestMethodWorker.invokeTestMethods(TestMethodWorker.java:127)
	at org.testng.internal.TestMethodWorker.run(TestMethodWorker.java:111)
	at org.testng.TestRunner.privateRun(TestRunner.java:767)
	at org.testng.TestRunner.run(TestRunner.java:617)
	at org.testng.SuiteRunner.runTest(SuiteRunner.java:334)
	at org.testng.SuiteRunner.runSequentially(SuiteRunner.java:329)
	at org.testng.SuiteRunner.privateRun(SuiteRunner.java:291)
	at org.testng.SuiteRunner.run(SuiteRunner.java:240)
	at org.testng.SuiteRunnerWorker.runSuite(SuiteRunnerWorker.java:52)
	at org.testng.SuiteRunnerWorker.run(SuiteRunnerWorker.java:86)
	at org.testng.TestNG.runSuitesSequentially(TestNG.java:1224)
	at org.testng.TestNG.runSuitesLocally(TestNG.java:1149)
	at org.testng.TestNG.run(TestNG.java:1057)
	at org.testng.remote.RemoteTestNG.run(RemoteTestNG.java:111)
	at org.testng.remote.RemoteTestNG.initAndRun(RemoteTestNG.java:204)
	at org.testng.remote.RemoteTestNG.main(RemoteTestNG.java:175)
]]>
            </full-stacktrace>
          </exception> <!-- org.testng.TestNGException -->
          <reporter-output>
          </reporter-output>
        </test-method> <!-- readParams -->
        <test-method status="FAIL" signature="xTest()[pri:0, instance:test.MusicFindGroupTest@d5b810e]" name="xTest" duration-ms="53542" started-at="2014-08-09T01:23:24Z" finished-at="2014-08-09T01:24:17Z">
          <exception class="java.lang.NullPointerException">
            <full-stacktrace>
              <![CDATA[java.lang.NullPointerException
	at webdriver.elements.BaseElement.waitForIsElementPresent(BaseElement.java:181)
	at webdriver.elements.TextBox.type(TextBox.java:53)
	at test.forms.MusicForm.FindGroup(MusicForm.java:32)
	at test.MusicFindGroupTest.runTest(MusicFindGroupTest.java:20)
	at webdriver.BaseTest.xTest(BaseTest.java:39)
	at sun.reflect.NativeMethodAccessorImpl.invoke0(Native Method)
	at sun.reflect.NativeMethodAccessorImpl.invoke(Unknown Source)
	at sun.reflect.DelegatingMethodAccessorImpl.invoke(Unknown Source)
	at java.lang.reflect.Method.invoke(Unknown Source)
	at org.testng.internal.MethodInvocationHelper.invokeMethod(MethodInvocationHelper.java:84)
	at org.testng.internal.Invoker.invokeMethod(Invoker.java:714)
	at org.testng.internal.Invoker.invokeTestMethod(Invoker.java:901)
	at org.testng.internal.Invoker.invokeTestMethods(Invoker.java:1231)
	at org.testng.internal.TestMethodWorker.invokeTestMethods(TestMethodWorker.java:127)
	at org.testng.internal.TestMethodWorker.run(TestMethodWorker.java:111)
	at org.testng.TestRunner.privateRun(TestRunner.java:767)
	at org.testng.TestRunner.run(TestRunner.java:617)
	at org.testng.SuiteRunner.runTest(SuiteRunner.java:334)
	at org.testng.SuiteRunner.runSequentially(SuiteRunner.java:329)
	at org.testng.SuiteRunner.privateRun(SuiteRunner.java:291)
	at org.testng.SuiteRunner.run(SuiteRunner.java:240)
	at org.testng.SuiteRunnerWorker.runSuite(SuiteRunnerWorker.java:52)
	at org.testng.SuiteRunnerWorker.run(SuiteRunnerWorker.java:86)
	at org.testng.TestNG.runSuitesSequentially(TestNG.java:1224)
	at org.testng.TestNG.runSuitesLocally(TestNG.java:1149)
	at org.testng.TestNG.run(TestNG.java:1057)
	at org.testng.remote.RemoteTestNG.run(RemoteTestNG.java:111)
	at org.testng.remote.RemoteTestNG.initAndRun(RemoteTestNG.java:204)
	at org.testng.remote.RemoteTestNG.main(RemoteTestNG.java:175)
]]>
            </full-stacktrace>
          </exception> <!-- java.lang.NullPointerException -->
          <reporter-output>
            <line>
              <![CDATA[---------------------------------------------------------------------------------<br>]]>
            </line>
            <line>
              <![CDATA[=====================  Test case: 'test.MusicFindGroupTest' =====================<br>]]>
            </line>
            <line>
              <![CDATA[---------------------------------------------------------------------------------<br>]]>
            </line>
            <line>
              <![CDATA[--------==[ Preconditions ]==--------<br>]]>
            </line>
            <line>
              <![CDATA[--------==[ Step 1 ]==--------<br>]]>
            </line>
            <line>
              <![CDATA[--------==[ Step 2 ]==--------<br>]]>
            </line>
            <line>
              <![CDATA[Form 'Main form' appears in 14616msec<br>]]>
            </line>
            <line>
              <![CDATA[Button 'muusic page link' :: Clicking<br>]]>
            </line>
            <line>
              <![CDATA[--------==[ Step 3 ]==--------<br>]]>
            </line>
            <line>
              <![CDATA[Form 'Music form' appears in 72msec<br>]]>
            </line>
            <line>
              <![CDATA[Page downloaded<br>]]>
            </line>
            <line>
              <![CDATA[--------==[ Step 4 ]==--------<br>]]>
            </line>
            <line>
              <![CDATA[Button 'Music search link' :: Clicking<br>]]>
            </line>
            <line>
              <![CDATA[<div class="skipped"></div><br>]]>
            </line>
            <line>
              <![CDATA[<div class="failedConfig">>>>>>>>> TEST FAILED <<<<<<<<</div><br>]]>
            </line>
            <line>
              <![CDATA[<div class="skipped"></div><br>]]>
            </line>
          </reporter-output>
        </test-method> <!-- xTest -->
        <test-method status="PASS" signature="after()[pri:0, instance:test.MusicFindGroupTest@d5b810e]" name="after" is-config="true" duration-ms="1191" started-at="2014-08-09T01:24:17Z" finished-at="2014-08-09T01:24:19Z">
          <reporter-output>
            <line>
              <![CDATA[killing processes<br>]]>
            </line>
          </reporter-output>
        </test-method> <!-- after -->
      </class> <!-- test.MusicFindGroupTest -->
      <class name="test.LanguageChangeTest">
        <test-method status="PASS" signature="before(org.testng.ITestContext)[pri:0, instance:test.LanguageChangeTest@43dac38f]" name="before" is-config="true" duration-ms="3848" started-at="2014-08-09T01:24:19Z" finished-at="2014-08-09T01:24:22Z">
          <params>
            <param index="0">
              <value>
                <![CDATA[org.testng.TestRunner@64bce832]]>
              </value>
            </param>
          </params>
          <reporter-output>
            <line>
              <![CDATA[browser driver was constructed<br>]]>
            </line>
            <line>
              <![CDATA[Browser 'firefox' ready...<br>]]>
            </line>
          </reporter-output>
        </test-method> <!-- before -->
        <test-method status="FAIL" signature="readParams(java.lang.String, java.lang.String)[pri:0, instance:test.LanguageChangeTest@43dac38f]" name="readParams" duration-ms="0" started-at="2014-08-09T01:24:22Z" finished-at="2014-08-09T01:24:22Z">
          <exception class="org.testng.TestNGException">
            <message>
              <![CDATA[
Parameter 'username' is required by @Test on method readParams but has not been marked @Optional or defined
in C:\Users\lENOVO\AppData\Local\Temp\testng-eclipse-111153164\testng-customsuite.xml]]>
            </message>
            <full-stacktrace>
              <![CDATA[org.testng.TestNGException: 
Parameter 'username' is required by @Test on method readParams but has not been marked @Optional or defined
in C:\Users\lENOVO\AppData\Local\Temp\testng-eclipse-111153164\testng-customsuite.xml
	at org.testng.internal.Parameters.createParameters(Parameters.java:155)
	at org.testng.internal.Parameters.createParameters(Parameters.java:358)
	at org.testng.internal.Parameters.handleParameters(Parameters.java:450)
	at org.testng.internal.Invoker.handleParameters(Invoker.java:1383)
	at org.testng.internal.Invoker.createParameters(Invoker.java:1075)
	at org.testng.internal.Invoker.invokeTestMethods(Invoker.java:1180)
	at org.testng.internal.TestMethodWorker.invokeTestMethods(TestMethodWorker.java:127)
	at org.testng.internal.TestMethodWorker.run(TestMethodWorker.java:111)
	at org.testng.TestRunner.privateRun(TestRunner.java:767)
	at org.testng.TestRunner.run(TestRunner.java:617)
	at org.testng.SuiteRunner.runTest(SuiteRunner.java:334)
	at org.testng.SuiteRunner.runSequentially(SuiteRunner.java:329)
	at org.testng.SuiteRunner.privateRun(SuiteRunner.java:291)
	at org.testng.SuiteRunner.run(SuiteRunner.java:240)
	at org.testng.SuiteRunnerWorker.runSuite(SuiteRunnerWorker.java:52)
	at org.testng.SuiteRunnerWorker.run(SuiteRunnerWorker.java:86)
	at org.testng.TestNG.runSuitesSequentially(TestNG.java:1224)
	at org.testng.TestNG.runSuitesLocally(TestNG.java:1149)
	at org.testng.TestNG.run(TestNG.java:1057)
	at org.testng.remote.RemoteTestNG.run(RemoteTestNG.java:111)
	at org.testng.remote.RemoteTestNG.initAndRun(RemoteTestNG.java:204)
	at org.testng.remote.RemoteTestNG.main(RemoteTestNG.java:175)
]]>
            </full-stacktrace>
          </exception> <!-- org.testng.TestNGException -->
          <reporter-output>
          </reporter-output>
        </test-method> <!-- readParams -->
        <test-method status="PASS" signature="xTest()[pri:0, instance:test.LanguageChangeTest@43dac38f]" name="xTest" duration-ms="23460" started-at="2014-08-09T01:24:22Z" finished-at="2014-08-09T01:24:46Z">
          <reporter-output>
            <line>
              <![CDATA[---------------------------------------------------------------------------------<br>]]>
            </line>
            <line>
              <![CDATA[=====================  Test case: 'test.LanguageChangeTest' =====================<br>]]>
            </line>
            <line>
              <![CDATA[---------------------------------------------------------------------------------<br>]]>
            </line>
            <line>
              <![CDATA[--------==[ Preconditions ]==--------<br>]]>
            </line>
            <line>
              <![CDATA[--------==[ Step 1 ]==--------<br>]]>
            </line>
            <line>
              <![CDATA[--------==[ Step 2 ]==--------<br>]]>
            </line>
            <line>
              <![CDATA[Form 'Main form' appears in 14501msec<br>]]>
            </line>
            <line>
              <![CDATA[Button 'language link' :: Clicking<br>]]>
            </line>
            <line>
              <![CDATA[Language is changed<br>]]>
            </line>
            <line>
              <![CDATA[--------==[ Step 3 ]==--------<br>]]>
            </line>
            <line>
              <![CDATA[Text Field 'search field' :: Typing 'інфармацыйныя тэхналогіі'<br>]]>
            </line>
            <line>
              <![CDATA[Button 'find button' :: Clicking<br>]]>
            </line>
            <line>
              <![CDATA[Search success<br>]]>
            </line>
            <line>
              <![CDATA[<br>]]>
            </line>
            <line>
              <![CDATA[********************************************************<br>]]>
            </line>
            <line>
              <![CDATA[***** Test case: 'test.LanguageChangeTest' Passed! *****<br>]]>
            </line>
            <line>
              <![CDATA[********************************************************<br>]]>
            </line>
            <line>
              <![CDATA[<br>]]>
            </line>
          </reporter-output>
        </test-method> <!-- xTest -->
        <test-method status="PASS" signature="after()[pri:0, instance:test.LanguageChangeTest@43dac38f]" name="after" is-config="true" duration-ms="1722" started-at="2014-08-09T01:24:46Z" finished-at="2014-08-09T01:24:48Z">
          <reporter-output>
            <line>
              <![CDATA[driver.quit...<br>]]>
            </line>
            <line>
              <![CDATA[killing processes<br>]]>
            </line>
          </reporter-output>
        </test-method> <!-- after -->
      </class> <!-- test.LanguageChangeTest -->
      <class name="test.CatalogAddCommentTest">
        <test-method status="PASS" signature="before(org.testng.ITestContext)[pri:0, instance:test.CatalogAddCommentTest@209da20d]" name="before" is-config="true" duration-ms="3807" started-at="2014-08-09T01:28:20Z" finished-at="2014-08-09T01:28:24Z">
          <params>
            <param index="0">
              <value>
                <![CDATA[org.testng.TestRunner@64bce832]]>
              </value>
            </param>
          </params>
          <reporter-output>
            <line>
              <![CDATA[browser driver was constructed<br>]]>
            </line>
            <line>
              <![CDATA[Browser 'firefox' ready...<br>]]>
            </line>
          </reporter-output>
        </test-method> <!-- before -->
        <test-method status="FAIL" signature="readParams(java.lang.String, java.lang.String)[pri:0, instance:test.CatalogAddCommentTest@209da20d]" name="readParams" duration-ms="0" started-at="2014-08-09T01:28:24Z" finished-at="2014-08-09T01:28:24Z">
          <exception class="org.testng.TestNGException">
            <message>
              <![CDATA[
Parameter 'username' is required by @Test on method readParams but has not been marked @Optional or defined
in C:\Users\lENOVO\AppData\Local\Temp\testng-eclipse-111153164\testng-customsuite.xml]]>
            </message>
            <full-stacktrace>
              <![CDATA[org.testng.TestNGException: 
Parameter 'username' is required by @Test on method readParams but has not been marked @Optional or defined
in C:\Users\lENOVO\AppData\Local\Temp\testng-eclipse-111153164\testng-customsuite.xml
	at org.testng.internal.Parameters.createParameters(Parameters.java:155)
	at org.testng.internal.Parameters.createParameters(Parameters.java:358)
	at org.testng.internal.Parameters.handleParameters(Parameters.java:450)
	at org.testng.internal.Invoker.handleParameters(Invoker.java:1383)
	at org.testng.internal.Invoker.createParameters(Invoker.java:1075)
	at org.testng.internal.Invoker.invokeTestMethods(Invoker.java:1180)
	at org.testng.internal.TestMethodWorker.invokeTestMethods(TestMethodWorker.java:127)
	at org.testng.internal.TestMethodWorker.run(TestMethodWorker.java:111)
	at org.testng.TestRunner.privateRun(TestRunner.java:767)
	at org.testng.TestRunner.run(TestRunner.java:617)
	at org.testng.SuiteRunner.runTest(SuiteRunner.java:334)
	at org.testng.SuiteRunner.runSequentially(SuiteRunner.java:329)
	at org.testng.SuiteRunner.privateRun(SuiteRunner.java:291)
	at org.testng.SuiteRunner.run(SuiteRunner.java:240)
	at org.testng.SuiteRunnerWorker.runSuite(SuiteRunnerWorker.java:52)
	at org.testng.SuiteRunnerWorker.run(SuiteRunnerWorker.java:86)
	at org.testng.TestNG.runSuitesSequentially(TestNG.java:1224)
	at org.testng.TestNG.runSuitesLocally(TestNG.java:1149)
	at org.testng.TestNG.run(TestNG.java:1057)
	at org.testng.remote.RemoteTestNG.run(RemoteTestNG.java:111)
	at org.testng.remote.RemoteTestNG.initAndRun(RemoteTestNG.java:204)
	at org.testng.remote.RemoteTestNG.main(RemoteTestNG.java:175)
]]>
            </full-stacktrace>
          </exception> <!-- org.testng.TestNGException -->
          <reporter-output>
          </reporter-output>
        </test-method> <!-- readParams -->
        <test-method status="FAIL" signature="xTest()[pri:0, instance:test.CatalogAddCommentTest@209da20d]" name="xTest" duration-ms="8147" started-at="2014-08-09T01:28:24Z" finished-at="2014-08-09T01:28:32Z">
          <exception class="junit.framework.AssertionFailedError">
            <message>
              <![CDATA[null]]>
            </message>
            <full-stacktrace>
              <![CDATA[junit.framework.AssertionFailedError: null
	at junit.framework.Assert.fail(Assert.java:47)
	at junit.framework.Assert.assertTrue(Assert.java:20)
	at junit.framework.Assert.assertTrue(Assert.java:27)
	at webdriver.Logger.fatal(Logger.java:256)
	at webdriver.BaseEntity.fatal(BaseEntity.java:85)
	at webdriver.BaseForm.assertIsOpen(BaseForm.java:98)
	at webdriver.BaseForm.<init>(BaseForm.java:37)
	at test.forms.MainPageForm.<init>(MainPageForm.java:120)
	at test.CatalogAddCommentTest.runTest(CatalogAddCommentTest.java:14)
	at webdriver.BaseTest.xTest(BaseTest.java:39)
	at sun.reflect.NativeMethodAccessorImpl.invoke0(Native Method)
	at sun.reflect.NativeMethodAccessorImpl.invoke(Unknown Source)
	at sun.reflect.DelegatingMethodAccessorImpl.invoke(Unknown Source)
	at java.lang.reflect.Method.invoke(Unknown Source)
	at org.testng.internal.MethodInvocationHelper.invokeMethod(MethodInvocationHelper.java:84)
	at org.testng.internal.Invoker.invokeMethod(Invoker.java:714)
	at org.testng.internal.Invoker.invokeTestMethod(Invoker.java:901)
	at org.testng.internal.Invoker.invokeTestMethods(Invoker.java:1231)
	at org.testng.internal.TestMethodWorker.invokeTestMethods(TestMethodWorker.java:127)
	at org.testng.internal.TestMethodWorker.run(TestMethodWorker.java:111)
	at org.testng.TestRunner.privateRun(TestRunner.java:767)
	at org.testng.TestRunner.run(TestRunner.java:617)
	at org.testng.SuiteRunner.runTest(SuiteRunner.java:334)
	at org.testng.SuiteRunner.runSequentially(SuiteRunner.java:329)
	at org.testng.SuiteRunner.privateRun(SuiteRunner.java:291)
	at org.testng.SuiteRunner.run(SuiteRunner.java:240)
	at org.testng.SuiteRunnerWorker.runSuite(SuiteRunnerWorker.java:52)
	at org.testng.SuiteRunnerWorker.run(SuiteRunnerWorker.java:86)
	at org.testng.TestNG.runSuitesSequentially(TestNG.java:1224)
	at org.testng.TestNG.runSuitesLocally(TestNG.java:1149)
	at org.testng.TestNG.run(TestNG.java:1057)
	at org.testng.remote.RemoteTestNG.run(RemoteTestNG.java:111)
	at org.testng.remote.RemoteTestNG.initAndRun(RemoteTestNG.java:204)
	at org.testng.remote.RemoteTestNG.main(RemoteTestNG.java:175)
]]>
            </full-stacktrace>
          </exception> <!-- junit.framework.AssertionFailedError -->
          <reporter-output>
            <line>
              <![CDATA[------------------------------------------------------------------------------------<br>]]>
            </line>
            <line>
              <![CDATA[=====================  Test case: 'test.CatalogAddCommentTest' =====================<br>]]>
            </line>
            <line>
              <![CDATA[------------------------------------------------------------------------------------<br>]]>
            </line>
            <line>
              <![CDATA[--------==[ Preconditions ]==--------<br>]]>
            </line>
            <line>
              <![CDATA[--------==[ Step 1 ]==--------<br>]]>
            </line>
            <line>
              <![CDATA[--------==[ Step 2 ]==--------<br>]]>
            </line>
            <line>
              <![CDATA[<div class="failedConfig">Form 'Main form' doesn't appear</div><br>]]>
            </line>
            <line>
              <![CDATA[<div class="skipped"></div><br>]]>
            </line>
            <line>
              <![CDATA[<div class="failedConfig">>>>>>>>> TEST FAILED <<<<<<<<</div><br>]]>
            </line>
            <line>
              <![CDATA[<div class="skipped"></div><br>]]>
            </line>
          </reporter-output>
        </test-method> <!-- xTest -->
        <test-method status="PASS" signature="after()[pri:0, instance:test.CatalogAddCommentTest@209da20d]" name="after" is-config="true" duration-ms="1205" started-at="2014-08-09T01:28:32Z" finished-at="2014-08-09T01:28:33Z">
          <reporter-output>
            <line>
              <![CDATA[killing processes<br>]]>
            </line>
          </reporter-output>
        </test-method> <!-- after -->
      </class> <!-- test.CatalogAddCommentTest -->
    </test> <!-- Default test -->
  </suite> <!-- Default suite -->
</testng-results>
